-- The C compiler identification is GNU 9.4.0
-- The CXX compiler identification is GNU 9.4.0
-- Check for working C compiler: /usr/bin/cc
-- Check for working C compiler: /usr/bin/cc -- works
-- Detecting C compiler ABI info
-- Detecting C compiler ABI info - done
-- Detecting C compile features
-- Detecting C compile features - done
-- Check for working CXX compiler: /usr/bin/c++
-- Check for working CXX compiler: /usr/bin/c++ -- works
-- Detecting CXX compiler ABI info
-- Detecting CXX compiler ABI info - done
-- Detecting CXX compile features
-- Detecting CXX compile features - done
-- Found ament_cmake: 1.1.6 (/opt/ros/galactic/share/ament_cmake/cmake)
-- Found PythonInterp: /usr/bin/python3 (found suitable version "3.8.10", minimum required is "3") 
-- Using PYTHON_EXECUTABLE: /usr/bin/python3
-- Found rclpy: 1.9.3 (/opt/ros/galactic/share/rclpy/cmake)
-- Found std_msgs: 2.2.4 (/opt/ros/galactic/share/std_msgs/cmake)
-- Using all available rosidl_typesupport_c: rosidl_typesupport_fastrtps_c;rosidl_typesupport_introspection_c
-- Found rosidl_adapter: 2.2.3 (/opt/ros/galactic/share/rosidl_adapter/cmake)
-- Found OpenSSL: /usr/lib/x86_64-linux-gnu/libcrypto.so (found version "1.1.1f")  
-- Found FastRTPS: /opt/ros/galactic/include  
-- Using all available rosidl_typesupport_cpp: rosidl_typesupport_fastrtps_cpp;rosidl_typesupport_introspection_cpp
-- Found rosidl_default_generators: 1.1.1 (/opt/ros/galactic/share/rosidl_default_generators/cmake)
-- Found PythonInterp: /usr/bin/python3 (found version "3.8.10") 
-- Found ament_cmake_ros: 0.9.2 (/opt/ros/galactic/share/ament_cmake_ros/cmake)
-- Using all available rosidl_typesupport_c: rosidl_typesupport_fastrtps_c;rosidl_typesupport_introspection_c
-- Using all available rosidl_typesupport_cpp: rosidl_typesupport_fastrtps_cpp;rosidl_typesupport_introspection_cpp
-- Found PythonInterp: /usr/bin/python3 (found suitable version "3.8.10", minimum required is "3.5") 
-- Found python_cmake_module: 0.8.1 (/opt/ros/galactic/share/python_cmake_module/cmake)
-- Found PythonLibs: /usr/lib/x86_64-linux-gnu/libpython3.8.so (found suitable version "3.8.10", minimum required is "3.5") 
-- Using PYTHON_EXECUTABLE: /usr/bin/python3
-- Using PYTHON_INCLUDE_DIRS: /usr/include/python3.8
-- Using PYTHON_LIBRARIES: /usr/lib/x86_64-linux-gnu/libpython3.8.so
-- Found PythonExtra: .so  
-- Found ament_lint_auto: 0.10.7 (/opt/ros/galactic/share/ament_lint_auto/cmake)
-- Configuring done
-- Generating done
-- Build files have been written to: /home/gxh/Desktop/ir_ws/src/ir_led_measure/build/ir_led_measure
[  3%] [34m[1mGenerating C code for ROS interfaces[0m
[35m[1mScanning dependencies of target ament_cmake_python_copy_ir_led_measure[0m
[35m[1mScanning dependencies of target ir_led_measure__cpp[0m
[  6%] [34m[1mGenerating C++ code for ROS interfaces[0m
[  6%] Built target ament_cmake_python_copy_ir_led_measure
[35m[1mScanning dependencies of target ament_cmake_python_build_ir_led_measure_egg[0m
[  6%] Built target ir_led_measure__cpp
[  9%] [34m[1mGenerating C++ introspection for ROS interfaces[0m
[ 12%] [34m[1mGenerating C++ type support for eProsima Fast-RTPS[0m
[ 16%] [34m[1mGenerating C++ type support dispatch for ROS interfaces[0m
[35m[1mScanning dependencies of target ir_led_measure__rosidl_generator_c[0m
[ 19%] [32mBuilding C object CMakeFiles/ir_led_measure__rosidl_generator_c.dir/rosidl_generator_c/ir_led_measure/msg/detail/direct__functions.c.o[0m
running egg_info
creating ir_led_measure.egg-info
writing ir_led_measure.egg-info/PKG-INFO
writing dependency_links to ir_led_measure.egg-info/dependency_links.txt
writing top-level names to ir_led_measure.egg-info/top_level.txt
writing manifest file 'ir_led_measure.egg-info/SOURCES.txt'
[ 22%] [32m[1mLinking C shared library libir_led_measure__rosidl_generator_c.so[0m
reading manifest file 'ir_led_measure.egg-info/SOURCES.txt'
writing manifest file 'ir_led_measure.egg-info/SOURCES.txt'
[ 22%] Built target ament_cmake_python_build_ir_led_measure_egg
[ 22%] Built target ir_led_measure__rosidl_generator_c
[35m[1mScanning dependencies of target ir_led_measure__rosidl_typesupport_introspection_cpp[0m
[ 25%] [34m[1mGenerating C type support dispatch for ROS interfaces[0m
[ 29%] [34m[1mGenerating C introspection for ROS interfaces[0m
[ 32%] [32mBuilding CXX object CMakeFiles/ir_led_measure__rosidl_typesupport_introspection_cpp.dir/rosidl_typesupport_introspection_cpp/ir_led_measure/msg/detail/direct__type_support.cpp.o[0m
[35m[1mScanning dependencies of target ir_led_measure__rosidl_typesupport_cpp[0m
[35m[1mScanning dependencies of target ir_led_measure__rosidl_typesupport_fastrtps_cpp[0m
[ 35%] [32mBuilding CXX object CMakeFiles/ir_led_measure__rosidl_typesupport_cpp.dir/rosidl_typesupport_cpp/ir_led_measure/msg/direct__type_support.cpp.o[0m
[ 38%] [32mBuilding CXX object CMakeFiles/ir_led_measure__rosidl_typesupport_fastrtps_cpp.dir/rosidl_typesupport_fastrtps_cpp/ir_led_measure/msg/detail/dds_fastrtps/direct__type_support.cpp.o[0m
[35m[1mScanning dependencies of target ir_led_measure__rosidl_typesupport_c[0m
[ 41%] [32mBuilding CXX object CMakeFiles/ir_led_measure__rosidl_typesupport_c.dir/rosidl_typesupport_c/ir_led_measure/msg/direct__type_support.cpp.o[0m
[35m[1mScanning dependencies of target ir_led_measure__rosidl_typesupport_introspection_c[0m
[ 45%] [32mBuilding C object CMakeFiles/ir_led_measure__rosidl_typesupport_introspection_c.dir/rosidl_typesupport_introspection_c/ir_led_measure/msg/detail/direct__type_support.c.o[0m
[ 48%] [32m[1mLinking CXX shared library libir_led_measure__rosidl_typesupport_c.so[0m
[ 51%] [32m[1mLinking C shared library libir_led_measure__rosidl_typesupport_introspection_c.so[0m
[ 54%] [32m[1mLinking CXX shared library libir_led_measure__rosidl_typesupport_cpp.so[0m
[ 54%] Built target ir_led_measure__rosidl_typesupport_c
[ 58%] [32m[1mLinking CXX shared library libir_led_measure__rosidl_typesupport_introspection_cpp.so[0m
[ 58%] Built target ir_led_measure__rosidl_typesupport_introspection_c
[ 58%] Built target ir_led_measure__rosidl_typesupport_introspection_cpp
[ 58%] Built target ir_led_measure__rosidl_typesupport_cpp
[ 61%] [32m[1mLinking CXX shared library libir_led_measure__rosidl_typesupport_fastrtps_cpp.so[0m
[ 61%] Built target ir_led_measure__rosidl_typesupport_fastrtps_cpp
[ 64%] [34m[1mGenerating C type support for eProsima Fast-RTPS[0m
[35m[1mScanning dependencies of target ir_led_measure__rosidl_typesupport_fastrtps_c[0m
[ 67%] [32mBuilding CXX object CMakeFiles/ir_led_measure__rosidl_typesupport_fastrtps_c.dir/rosidl_typesupport_fastrtps_c/ir_led_measure/msg/detail/direct__type_support_c.cpp.o[0m
[ 70%] [32m[1mLinking CXX shared library libir_led_measure__rosidl_typesupport_fastrtps_c.so[0m
[ 70%] Built target ir_led_measure__rosidl_typesupport_fastrtps_c
[35m[1mScanning dependencies of target ir_led_measure[0m
[ 70%] Built target ir_led_measure
[35m[1mScanning dependencies of target ir_led_measure__py[0m
[ 74%] [34m[1mGenerating Python code for ROS interfaces[0m
[ 74%] Built target ir_led_measure__py
[35m[1mScanning dependencies of target ir_led_measure__python[0m
[ 77%] [32mBuilding C object CMakeFiles/ir_led_measure__python.dir/rosidl_generator_py/ir_led_measure/msg/_direct_s.c.o[0m
[ 80%] [32m[1mLinking C shared library rosidl_generator_py/ir_led_measure/libir_led_measure__python.so[0m
[ 80%] Built target ir_led_measure__python
[35m[1mScanning dependencies of target ir_led_measure__rosidl_typesupport_introspection_c__pyext[0m
[35m[1mScanning dependencies of target ir_led_measure__rosidl_typesupport_c__pyext[0m
[35m[1mScanning dependencies of target ir_led_measure__rosidl_typesupport_fastrtps_c__pyext[0m
[ 83%] [32mBuilding C object CMakeFiles/ir_led_measure__rosidl_typesupport_introspection_c__pyext.dir/rosidl_generator_py/ir_led_measure/_ir_led_measure_s.ep.rosidl_typesupport_introspection_c.c.o[0m
[ 87%] [32mBuilding C object CMakeFiles/ir_led_measure__rosidl_typesupport_c__pyext.dir/rosidl_generator_py/ir_led_measure/_ir_led_measure_s.ep.rosidl_typesupport_c.c.o[0m
[ 90%] [32mBuilding C object CMakeFiles/ir_led_measure__rosidl_typesupport_fastrtps_c__pyext.dir/rosidl_generator_py/ir_led_measure/_ir_led_measure_s.ep.rosidl_typesupport_fastrtps_c.c.o[0m
[ 93%] [32m[1mLinking C shared library rosidl_generator_py/ir_led_measure/ir_led_measure_s__rosidl_typesupport_introspection_c.cpython-38-x86_64-linux-gnu.so[0m
[ 96%] [32m[1mLinking CXX shared library rosidl_generator_py/ir_led_measure/ir_led_measure_s__rosidl_typesupport_fastrtps_c.cpython-38-x86_64-linux-gnu.so[0m
[100%] [32m[1mLinking C shared library rosidl_generator_py/ir_led_measure/ir_led_measure_s__rosidl_typesupport_c.cpython-38-x86_64-linux-gnu.so[0m
[100%] Built target ir_led_measure__rosidl_typesupport_introspection_c__pyext
[100%] Built target ir_led_measure__rosidl_typesupport_c__pyext
[100%] Built target ir_led_measure__rosidl_typesupport_fastrtps_c__pyext
-- Install configuration: ""
-- Installing: /home/gxh/Desktop/ir_ws/src/ir_led_measure/install/ir_led_measure/share/ament_index/resource_index/rosidl_interfaces/ir_led_measure
-- Installing: /home/gxh/Desktop/ir_ws/src/ir_led_measure/install/ir_led_measure/include/ir_led_measure
-- Installing: /home/gxh/Desktop/ir_ws/src/ir_led_measure/install/ir_led_measure/include/ir_led_measure/msg
-- Installing: /home/gxh/Desktop/ir_ws/src/ir_led_measure/install/ir_led_measure/include/ir_led_measure/msg/rosidl_generator_c__visibility_control.h
-- Installing: /home/gxh/Desktop/ir_ws/src/ir_led_measure/install/ir_led_measure/include/ir_led_measure/msg/direct.h
-- Installing: /home/gxh/Desktop/ir_ws/src/ir_led_measure/install/ir_led_measure/include/ir_led_measure/msg/detail
-- Installing: /home/gxh/Desktop/ir_ws/src/ir_led_measure/install/ir_led_measure/include/ir_led_measure/msg/detail/direct__type_support.h
-- Installing: /home/gxh/Desktop/ir_ws/src/ir_led_measure/install/ir_led_measure/include/ir_led_measure/msg/detail/direct__struct.h
-- Installing: /home/gxh/Desktop/ir_ws/src/ir_led_measure/install/ir_led_measure/include/ir_led_measure/msg/detail/direct__functions.h
-- Installing: /home/gxh/Desktop/ir_ws/src/ir_led_measure/install/ir_led_measure/include/ir_led_measure/msg/detail/direct__functions.c
-- Installing: /home/gxh/Desktop/ir_ws/src/ir_led_measure/install/ir_led_measure/share/ir_led_measure/environment/library_path.sh
-- Installing: /home/gxh/Desktop/ir_ws/src/ir_led_measure/install/ir_led_measure/share/ir_led_measure/environment/library_path.dsv
-- Installing: /home/gxh/Desktop/ir_ws/src/ir_led_measure/install/ir_led_measure/lib/libir_led_measure__rosidl_generator_c.so
-- Set runtime path of "/home/gxh/Desktop/ir_ws/src/ir_led_measure/install/ir_led_measure/lib/libir_led_measure__rosidl_generator_c.so" to ""
-- Up-to-date: /home/gxh/Desktop/ir_ws/src/ir_led_measure/install/ir_led_measure/include/ir_led_measure
-- Up-to-date: /home/gxh/Desktop/ir_ws/src/ir_led_measure/install/ir_led_measure/include/ir_led_measure/msg
-- Installing: /home/gxh/Desktop/ir_ws/src/ir_led_measure/install/ir_led_measure/include/ir_led_measure/msg/rosidl_typesupport_fastrtps_c__visibility_control.h
-- Up-to-date: /home/gxh/Desktop/ir_ws/src/ir_led_measure/install/ir_led_measure/include/ir_led_measure/msg/detail
-- Installing: /home/gxh/Desktop/ir_ws/src/ir_led_measure/install/ir_led_measure/include/ir_led_measure/msg/detail/direct__rosidl_typesupport_fastrtps_c.h
-- Installing: /home/gxh/Desktop/ir_ws/src/ir_led_measure/install/ir_led_measure/lib/libir_led_measure__rosidl_typesupport_fastrtps_c.so
-- Set runtime path of "/home/gxh/Desktop/ir_ws/src/ir_led_measure/install/ir_led_measure/lib/libir_led_measure__rosidl_typesupport_fastrtps_c.so" to ""
-- Up-to-date: /home/gxh/Desktop/ir_ws/src/ir_led_measure/install/ir_led_measure/include/ir_led_measure
-- Up-to-date: /home/gxh/Desktop/ir_ws/src/ir_led_measure/install/ir_led_measure/include/ir_led_measure/msg
-- Installing: /home/gxh/Desktop/ir_ws/src/ir_led_measure/install/ir_led_measure/include/ir_led_measure/msg/rosidl_typesupport_fastrtps_cpp__visibility_control.h
-- Up-to-date: /home/gxh/Desktop/ir_ws/src/ir_led_measure/install/ir_led_measure/include/ir_led_measure/msg/detail
-- Installing: /home/gxh/Desktop/ir_ws/src/ir_led_measure/install/ir_led_measure/include/ir_led_measure/msg/detail/direct__rosidl_typesupport_fastrtps_cpp.hpp
-- Installing: /home/gxh/Desktop/ir_ws/src/ir_led_measure/install/ir_led_measure/include/ir_led_measure/msg/detail/dds_fastrtps
-- Installing: /home/gxh/Desktop/ir_ws/src/ir_led_measure/install/ir_led_measure/lib/libir_led_measure__rosidl_typesupport_fastrtps_cpp.so
-- Set runtime path of "/home/gxh/Desktop/ir_ws/src/ir_led_measure/install/ir_led_measure/lib/libir_led_measure__rosidl_typesupport_fastrtps_cpp.so" to ""
-- Up-to-date: /home/gxh/Desktop/ir_ws/src/ir_led_measure/install/ir_led_measure/include/ir_led_measure
-- Up-to-date: /home/gxh/Desktop/ir_ws/src/ir_led_measure/install/ir_led_measure/include/ir_led_measure/msg
-- Installing: /home/gxh/Desktop/ir_ws/src/ir_led_measure/install/ir_led_measure/include/ir_led_measure/msg/rosidl_typesupport_introspection_c__visibility_control.h
-- Up-to-date: /home/gxh/Desktop/ir_ws/src/ir_led_measure/install/ir_led_measure/include/ir_led_measure/msg/detail
-- Installing: /home/gxh/Desktop/ir_ws/src/ir_led_measure/install/ir_led_measure/include/ir_led_measure/msg/detail/direct__type_support.c
-- Installing: /home/gxh/Desktop/ir_ws/src/ir_led_measure/install/ir_led_measure/include/ir_led_measure/msg/detail/direct__rosidl_typesupport_introspection_c.h
-- Installing: /home/gxh/Desktop/ir_ws/src/ir_led_measure/install/ir_led_measure/lib/libir_led_measure__rosidl_typesupport_introspection_c.so
-- Set runtime path of "/home/gxh/Desktop/ir_ws/src/ir_led_measure/install/ir_led_measure/lib/libir_led_measure__rosidl_typesupport_introspection_c.so" to ""
-- Installing: /home/gxh/Desktop/ir_ws/src/ir_led_measure/install/ir_led_measure/lib/libir_led_measure__rosidl_typesupport_c.so
-- Set runtime path of "/home/gxh/Desktop/ir_ws/src/ir_led_measure/install/ir_led_measure/lib/libir_led_measure__rosidl_typesupport_c.so" to ""
-- Up-to-date: /home/gxh/Desktop/ir_ws/src/ir_led_measure/install/ir_led_measure/include/ir_led_measure
-- Up-to-date: /home/gxh/Desktop/ir_ws/src/ir_led_measure/install/ir_led_measure/include/ir_led_measure/msg
-- Installing: /home/gxh/Desktop/ir_ws/src/ir_led_measure/install/ir_led_measure/include/ir_led_measure/msg/direct.hpp
-- Up-to-date: /home/gxh/Desktop/ir_ws/src/ir_led_measure/install/ir_led_measure/include/ir_led_measure/msg/detail
-- Installing: /home/gxh/Desktop/ir_ws/src/ir_led_measure/install/ir_led_measure/include/ir_led_measure/msg/detail/direct__struct.hpp
-- Installing: /home/gxh/Desktop/ir_ws/src/ir_led_measure/install/ir_led_measure/include/ir_led_measure/msg/detail/direct__builder.hpp
-- Installing: /home/gxh/Desktop/ir_ws/src/ir_led_measure/install/ir_led_measure/include/ir_led_measure/msg/detail/direct__traits.hpp
-- Up-to-date: /home/gxh/Desktop/ir_ws/src/ir_led_measure/install/ir_led_measure/include/ir_led_measure
-- Up-to-date: /home/gxh/Desktop/ir_ws/src/ir_led_measure/install/ir_led_measure/include/ir_led_measure/msg
-- Up-to-date: /home/gxh/Desktop/ir_ws/src/ir_led_measure/install/ir_led_measure/include/ir_led_measure/msg/detail
-- Installing: /home/gxh/Desktop/ir_ws/src/ir_led_measure/install/ir_led_measure/include/ir_led_measure/msg/detail/direct__rosidl_typesupport_introspection_cpp.hpp
-- Installing: /home/gxh/Desktop/ir_ws/src/ir_led_measure/install/ir_led_measure/include/ir_led_measure/msg/detail/direct__type_support.cpp
-- Installing: /home/gxh/Desktop/ir_ws/src/ir_led_measure/install/ir_led_measure/lib/libir_led_measure__rosidl_typesupport_introspection_cpp.so
-- Set runtime path of "/home/gxh/Desktop/ir_ws/src/ir_led_measure/install/ir_led_measure/lib/libir_led_measure__rosidl_typesupport_introspection_cpp.so" to ""
-- Installing: /home/gxh/Desktop/ir_ws/src/ir_led_measure/install/ir_led_measure/lib/libir_led_measure__rosidl_typesupport_cpp.so
-- Set runtime path of "/home/gxh/Desktop/ir_ws/src/ir_led_measure/install/ir_led_measure/lib/libir_led_measure__rosidl_typesupport_cpp.so" to ""
-- Installing: /home/gxh/Desktop/ir_ws/src/ir_led_measure/install/ir_led_measure/share/ir_led_measure/environment/pythonpath.sh
-- Installing: /home/gxh/Desktop/ir_ws/src/ir_led_measure/install/ir_led_measure/share/ir_led_measure/environment/pythonpath.dsv
-- Installing: /home/gxh/Desktop/ir_ws/src/ir_led_measure/install/ir_led_measure/lib/python3.8/site-packages/ir_led_measure/__init__.py
Compiling '/home/gxh/Desktop/ir_ws/src/ir_led_measure/install/ir_led_measure/lib/python3.8/site-packages/ir_led_measure/__init__.py'...
-- Installing: /home/gxh/Desktop/ir_ws/src/ir_led_measure/install/ir_led_measure/lib/python3.8/site-packages/ir_led_measure/msg
-- Installing: /home/gxh/Desktop/ir_ws/src/ir_led_measure/install/ir_led_measure/lib/python3.8/site-packages/ir_led_measure/msg/__init__.py
-- Installing: /home/gxh/Desktop/ir_ws/src/ir_led_measure/install/ir_led_measure/lib/python3.8/site-packages/ir_led_measure/msg/_direct_s.c
-- Installing: /home/gxh/Desktop/ir_ws/src/ir_led_measure/install/ir_led_measure/lib/python3.8/site-packages/ir_led_measure/msg/_direct.py
-- Installing: /home/gxh/Desktop/ir_ws/src/ir_led_measure/install/ir_led_measure/lib/python3.8/site-packages/ir_led_measure/ir_led_measure_s__rosidl_typesupport_fastrtps_c.cpython-38-x86_64-linux-gnu.so
-- Set runtime path of "/home/gxh/Desktop/ir_ws/src/ir_led_measure/install/ir_led_measure/lib/python3.8/site-packages/ir_led_measure/ir_led_measure_s__rosidl_typesupport_fastrtps_c.cpython-38-x86_64-linux-gnu.so" to ""
-- Installing: /home/gxh/Desktop/ir_ws/src/ir_led_measure/install/ir_led_measure/lib/python3.8/site-packages/ir_led_measure/ir_led_measure_s__rosidl_typesupport_introspection_c.cpython-38-x86_64-linux-gnu.so
-- Set runtime path of "/home/gxh/Desktop/ir_ws/src/ir_led_measure/install/ir_led_measure/lib/python3.8/site-packages/ir_led_measure/ir_led_measure_s__rosidl_typesupport_introspection_c.cpython-38-x86_64-linux-gnu.so" to ""
-- Installing: /home/gxh/Desktop/ir_ws/src/ir_led_measure/install/ir_led_measure/lib/python3.8/site-packages/ir_led_measure/ir_led_measure_s__rosidl_typesupport_c.cpython-38-x86_64-linux-gnu.so
-- Set runtime path of "/home/gxh/Desktop/ir_ws/src/ir_led_measure/install/ir_led_measure/lib/python3.8/site-packages/ir_led_measure/ir_led_measure_s__rosidl_typesupport_c.cpython-38-x86_64-linux-gnu.so" to ""
-- Installing: /home/gxh/Desktop/ir_ws/src/ir_led_measure/install/ir_led_measure/lib/libir_led_measure__python.so
-- Set runtime path of "/home/gxh/Desktop/ir_ws/src/ir_led_measure/install/ir_led_measure/lib/libir_led_measure__python.so" to ""
-- Installing: /home/gxh/Desktop/ir_ws/src/ir_led_measure/install/ir_led_measure/share/ir_led_measure/msg/Direct.idl
-- Installing: /home/gxh/Desktop/ir_ws/src/ir_led_measure/install/ir_led_measure/share/ir_led_measure/msg/Direct.msg
-- Installing: /home/gxh/Desktop/ir_ws/src/ir_led_measure/install/ir_led_measure/lib/python3.8/site-packages//ir_led_measure.egg-info
-- Installing: /home/gxh/Desktop/ir_ws/src/ir_led_measure/install/ir_led_measure/lib/python3.8/site-packages//ir_led_measure.egg-info/top_level.txt
-- Installing: /home/gxh/Desktop/ir_ws/src/ir_led_measure/install/ir_led_measure/lib/python3.8/site-packages//ir_led_measure.egg-info/dependency_links.txt
-- Installing: /home/gxh/Desktop/ir_ws/src/ir_led_measure/install/ir_led_measure/lib/python3.8/site-packages//ir_led_measure.egg-info/PKG-INFO
-- Installing: /home/gxh/Desktop/ir_ws/src/ir_led_measure/install/ir_led_measure/lib/python3.8/site-packages//ir_led_measure.egg-info/SOURCES.txt
-- Up-to-date: /home/gxh/Desktop/ir_ws/src/ir_led_measure/install/ir_led_measure/lib/python3.8/site-packages/ir_led_measure
-- Installing: /home/gxh/Desktop/ir_ws/src/ir_led_measure/install/ir_led_measure/lib/python3.8/site-packages/ir_led_measure/__init__.py
Listing '/home/gxh/Desktop/ir_ws/src/ir_led_measure/install/ir_led_measure/lib/python3.8/site-packages/ir_led_measure'...
Compiling '/home/gxh/Desktop/ir_ws/src/ir_led_measure/install/ir_led_measure/lib/python3.8/site-packages/ir_led_measure/__init__.py'...
Listing '/home/gxh/Desktop/ir_ws/src/ir_led_measure/install/ir_led_measure/lib/python3.8/site-packages/ir_led_measure/msg'...
Compiling '/home/gxh/Desktop/ir_ws/src/ir_led_measure/install/ir_led_measure/lib/python3.8/site-packages/ir_led_measure/msg/__init__.py'...
Compiling '/home/gxh/Desktop/ir_ws/src/ir_led_measure/install/ir_led_measure/lib/python3.8/site-packages/ir_led_measure/msg/_direct.py'...
-- Installing: /home/gxh/Desktop/ir_ws/src/ir_led_measure/install/ir_led_measure/lib/ir_led_measure/camera_publisher.py
-- Installing: /home/gxh/Desktop/ir_ws/src/ir_led_measure/install/ir_led_measure/lib/ir_led_measure/mvsdk.py
-- Installing: /home/gxh/Desktop/ir_ws/src/ir_led_measure/install/ir_led_measure/lib/ir_led_measure/fusion.py
-- Installing: /home/gxh/Desktop/ir_ws/src/ir_led_measure/install/ir_led_measure/share/ir_led_measure//launch
-- Installing: /home/gxh/Desktop/ir_ws/src/ir_led_measure/install/ir_led_measure/share/ir_led_measure//launch/rosbag_launch.py
-- Installing: /home/gxh/Desktop/ir_ws/src/ir_led_measure/install/ir_led_measure/share/ir_led_measure//launch/ir_launch.py
-- Installing: /home/gxh/Desktop/ir_ws/src/ir_led_measure/install/ir_led_measure/share/ament_index/resource_index/package_run_dependencies/ir_led_measure
-- Installing: /home/gxh/Desktop/ir_ws/src/ir_led_measure/install/ir_led_measure/share/ament_index/resource_index/parent_prefix_path/ir_led_measure
-- Installing: /home/gxh/Desktop/ir_ws/src/ir_led_measure/install/ir_led_measure/share/ir_led_measure/environment/ament_prefix_path.sh
-- Installing: /home/gxh/Desktop/ir_ws/src/ir_led_measure/install/ir_led_measure/share/ir_led_measure/environment/ament_prefix_path.dsv
-- Installing: /home/gxh/Desktop/ir_ws/src/ir_led_measure/install/ir_led_measure/share/ir_led_measure/environment/path.sh
-- Installing: /home/gxh/Desktop/ir_ws/src/ir_led_measure/install/ir_led_measure/share/ir_led_measure/environment/path.dsv
-- Installing: /home/gxh/Desktop/ir_ws/src/ir_led_measure/install/ir_led_measure/share/ir_led_measure/local_setup.bash
-- Installing: /home/gxh/Desktop/ir_ws/src/ir_led_measure/install/ir_led_measure/share/ir_led_measure/local_setup.sh
-- Installing: /home/gxh/Desktop/ir_ws/src/ir_led_measure/install/ir_led_measure/share/ir_led_measure/local_setup.zsh
-- Installing: /home/gxh/Desktop/ir_ws/src/ir_led_measure/install/ir_led_measure/share/ir_led_measure/local_setup.dsv
-- Installing: /home/gxh/Desktop/ir_ws/src/ir_led_measure/install/ir_led_measure/share/ir_led_measure/package.dsv
-- Installing: /home/gxh/Desktop/ir_ws/src/ir_led_measure/install/ir_led_measure/share/ament_index/resource_index/packages/ir_led_measure
-- Installing: /home/gxh/Desktop/ir_ws/src/ir_led_measure/install/ir_led_measure/share/ir_led_measure/cmake/ir_led_measure__rosidl_generator_cExport.cmake
-- Installing: /home/gxh/Desktop/ir_ws/src/ir_led_measure/install/ir_led_measure/share/ir_led_measure/cmake/ir_led_measure__rosidl_generator_cExport-noconfig.cmake
-- Installing: /home/gxh/Desktop/ir_ws/src/ir_led_measure/install/ir_led_measure/share/ir_led_measure/cmake/ir_led_measure__rosidl_typesupport_introspection_cExport.cmake
-- Installing: /home/gxh/Desktop/ir_ws/src/ir_led_measure/install/ir_led_measure/share/ir_led_measure/cmake/ir_led_measure__rosidl_typesupport_introspection_cExport-noconfig.cmake
-- Installing: /home/gxh/Desktop/ir_ws/src/ir_led_measure/install/ir_led_measure/share/ir_led_measure/cmake/ir_led_measure__rosidl_typesupport_cExport.cmake
-- Installing: /home/gxh/Desktop/ir_ws/src/ir_led_measure/install/ir_led_measure/share/ir_led_measure/cmake/ir_led_measure__rosidl_typesupport_cExport-noconfig.cmake
-- Installing: /home/gxh/Desktop/ir_ws/src/ir_led_measure/install/ir_led_measure/share/ir_led_measure/cmake/ir_led_measure__rosidl_generator_cppExport.cmake
-- Installing: /home/gxh/Desktop/ir_ws/src/ir_led_measure/install/ir_led_measure/share/ir_led_measure/cmake/ir_led_measure__rosidl_typesupport_introspection_cppExport.cmake
-- Installing: /home/gxh/Desktop/ir_ws/src/ir_led_measure/install/ir_led_measure/share/ir_led_measure/cmake/ir_led_measure__rosidl_typesupport_introspection_cppExport-noconfig.cmake
-- Installing: /home/gxh/Desktop/ir_ws/src/ir_led_measure/install/ir_led_measure/share/ir_led_measure/cmake/ir_led_measure__rosidl_typesupport_cppExport.cmake
-- Installing: /home/gxh/Desktop/ir_ws/src/ir_led_measure/install/ir_led_measure/share/ir_led_measure/cmake/ir_led_measure__rosidl_typesupport_cppExport-noconfig.cmake
-- Installing: /home/gxh/Desktop/ir_ws/src/ir_led_measure/install/ir_led_measure/share/ir_led_measure/cmake/rosidl_cmake-extras.cmake
-- Installing: /home/gxh/Desktop/ir_ws/src/ir_led_measure/install/ir_led_measure/share/ir_led_measure/cmake/ament_cmake_export_dependencies-extras.cmake
-- Installing: /home/gxh/Desktop/ir_ws/src/ir_led_measure/install/ir_led_measure/share/ir_led_measure/cmake/ament_cmake_export_libraries-extras.cmake
-- Installing: /home/gxh/Desktop/ir_ws/src/ir_led_measure/install/ir_led_measure/share/ir_led_measure/cmake/ament_cmake_export_targets-extras.cmake
-- Installing: /home/gxh/Desktop/ir_ws/src/ir_led_measure/install/ir_led_measure/share/ir_led_measure/cmake/ament_cmake_export_include_directories-extras.cmake
-- Installing: /home/gxh/Desktop/ir_ws/src/ir_led_measure/install/ir_led_measure/share/ir_led_measure/cmake/rosidl_cmake_export_typesupport_libraries-extras.cmake
-- Installing: /home/gxh/Desktop/ir_ws/src/ir_led_measure/install/ir_led_measure/share/ir_led_measure/cmake/rosidl_cmake_export_typesupport_targets-extras.cmake
-- Installing: /home/gxh/Desktop/ir_ws/src/ir_led_measure/install/ir_led_measure/share/ir_led_measure/cmake/ir_led_measureConfig.cmake
-- Installing: /home/gxh/Desktop/ir_ws/src/ir_led_measure/install/ir_led_measure/share/ir_led_measure/cmake/ir_led_measureConfig-version.cmake
-- Installing: /home/gxh/Desktop/ir_ws/src/ir_led_measure/install/ir_led_measure/share/ir_led_measure/package.xml
