[0.012s] Invoking command in '/home/gxh/Desktop/ir_ws/src/ir_led_measure/build/ir_led_measure': CMAKE_PREFIX_PATH=/opt/ros/galactic:${CMAKE_PREFIX_PATH} /usr/bin/cmake /home/gxh/Desktop/ir_ws/src/ir_led_measure -DCMAKE_INSTALL_PREFIX=/home/gxh/Desktop/ir_ws/src/ir_led_measure/install/ir_led_measure
[0.165s] -- The C compiler identification is GNU 9.4.0
[0.278s] -- The CXX compiler identification is GNU 9.4.0
[0.285s] -- Check for working C compiler: /usr/bin/cc
[0.342s] -- Check for working C compiler: /usr/bin/cc -- works
[0.344s] -- Detecting C compiler ABI info
[0.417s] -- Detecting C compiler ABI info - done
[0.428s] -- Detecting C compile features
[0.428s] -- Detecting C compile features - done
[0.432s] -- Check for working CXX compiler: /usr/bin/c++
[0.500s] -- Check for working CXX compiler: /usr/bin/c++ -- works
[0.501s] -- Detecting CXX compiler ABI info
[0.568s] -- Detecting CXX compiler ABI info - done
[0.576s] -- Detecting CXX compile features
[0.576s] -- Detecting CXX compile features - done
[0.579s] -- Found ament_cmake: 1.1.6 (/opt/ros/galactic/share/ament_cmake/cmake)
[0.601s] -- Found PythonInterp: /usr/bin/python3 (found suitable version "3.8.10", minimum required is "3") 
[0.602s] -- Using PYTHON_EXECUTABLE: /usr/bin/python3
[0.690s] -- Found rclpy: 1.9.3 (/opt/ros/galactic/share/rclpy/cmake)
[0.691s] -- Found std_msgs: 2.2.4 (/opt/ros/galactic/share/std_msgs/cmake)
[0.737s] -- Using all available rosidl_typesupport_c: rosidl_typesupport_fastrtps_c;rosidl_typesupport_introspection_c
[0.745s] -- Found rosidl_adapter: 2.2.3 (/opt/ros/galactic/share/rosidl_adapter/cmake)
[0.844s] -- Found OpenSSL: /usr/lib/x86_64-linux-gnu/libcrypto.so (found version "1.1.1f")  
[0.866s] -- Found FastRTPS: /opt/ros/galactic/include  
[0.922s] -- Using all available rosidl_typesupport_cpp: rosidl_typesupport_fastrtps_cpp;rosidl_typesupport_introspection_cpp
[0.964s] -- Found rosidl_default_generators: 1.1.1 (/opt/ros/galactic/share/rosidl_default_generators/cmake)
[0.991s] -- Found PythonInterp: /usr/bin/python3 (found version "3.8.10") 
[1.098s] -- Found ament_cmake_ros: 0.9.2 (/opt/ros/galactic/share/ament_cmake_ros/cmake)
[1.172s] -- Using all available rosidl_typesupport_c: rosidl_typesupport_fastrtps_c;rosidl_typesupport_introspection_c
[1.184s] -- Using all available rosidl_typesupport_cpp: rosidl_typesupport_fastrtps_cpp;rosidl_typesupport_introspection_cpp
[1.204s] -- Found PythonInterp: /usr/bin/python3 (found suitable version "3.8.10", minimum required is "3.5") 
[1.205s] -- Found python_cmake_module: 0.8.1 (/opt/ros/galactic/share/python_cmake_module/cmake)
[1.237s] -- Found PythonLibs: /usr/lib/x86_64-linux-gnu/libpython3.8.so (found suitable version "3.8.10", minimum required is "3.5") 
[1.237s] -- Using PYTHON_EXECUTABLE: /usr/bin/python3
[1.237s] -- Using PYTHON_INCLUDE_DIRS: /usr/include/python3.8
[1.237s] -- Using PYTHON_LIBRARIES: /usr/lib/x86_64-linux-gnu/libpython3.8.so
[1.260s] -- Found PythonExtra: .so  
[1.297s] -- Found ament_lint_auto: 0.10.7 (/opt/ros/galactic/share/ament_lint_auto/cmake)
[1.308s] -- Configuring done
[1.345s] -- Generating done
[1.349s] -- Build files have been written to: /home/gxh/Desktop/ir_ws/src/ir_led_measure/build/ir_led_measure
[1.355s] Invoked command in '/home/gxh/Desktop/ir_ws/src/ir_led_measure/build/ir_led_measure' returned '0': CMAKE_PREFIX_PATH=/opt/ros/galactic:${CMAKE_PREFIX_PATH} /usr/bin/cmake /home/gxh/Desktop/ir_ws/src/ir_led_measure -DCMAKE_INSTALL_PREFIX=/home/gxh/Desktop/ir_ws/src/ir_led_measure/install/ir_led_measure
[1.357s] Invoking command in '/home/gxh/Desktop/ir_ws/src/ir_led_measure/build/ir_led_measure': CMAKE_PREFIX_PATH=/opt/ros/galactic:${CMAKE_PREFIX_PATH} /usr/bin/cmake --build /home/gxh/Desktop/ir_ws/src/ir_led_measure/build/ir_led_measure -- -j8 -l8
[1.392s] [  3%] [34m[1mGenerating C code for ROS interfaces[0m
[1.393s] [35m[1mScanning dependencies of target ament_cmake_python_copy_ir_led_measure[0m
[1.393s] [35m[1mScanning dependencies of target ir_led_measure__cpp[0m
[1.401s] [  6%] [34m[1mGenerating C++ code for ROS interfaces[0m
[1.409s] [  6%] Built target ament_cmake_python_copy_ir_led_measure
[1.419s] [35m[1mScanning dependencies of target ament_cmake_python_build_ir_led_measure_egg[0m
[1.612s] [  6%] Built target ir_led_measure__cpp
[1.622s] [  9%] [34m[1mGenerating C++ introspection for ROS interfaces[0m
[1.623s] [ 12%] [34m[1mGenerating C++ type support for eProsima Fast-RTPS[0m
[1.626s] [ 16%] [34m[1mGenerating C++ type support dispatch for ROS interfaces[0m
[1.693s] [35m[1mScanning dependencies of target ir_led_measure__rosidl_generator_c[0m
[1.705s] [ 19%] [32mBuilding C object CMakeFiles/ir_led_measure__rosidl_generator_c.dir/rosidl_generator_c/ir_led_measure/msg/detail/direct__functions.c.o[0m
[1.721s] running egg_info
[1.721s] creating ir_led_measure.egg-info
[1.721s] writing ir_led_measure.egg-info/PKG-INFO
[1.722s] writing dependency_links to ir_led_measure.egg-info/dependency_links.txt
[1.722s] writing top-level names to ir_led_measure.egg-info/top_level.txt
[1.726s] writing manifest file 'ir_led_measure.egg-info/SOURCES.txt'
[1.776s] [ 22%] [32m[1mLinking C shared library libir_led_measure__rosidl_generator_c.so[0m
[1.779s] reading manifest file 'ir_led_measure.egg-info/SOURCES.txt'
[1.779s] writing manifest file 'ir_led_measure.egg-info/SOURCES.txt'
[1.808s] [ 22%] Built target ament_cmake_python_build_ir_led_measure_egg
[1.818s] [ 22%] Built target ir_led_measure__rosidl_generator_c
[1.831s] [35m[1mScanning dependencies of target ir_led_measure__rosidl_typesupport_introspection_cpp[0m
[1.833s] [ 25%] [34m[1mGenerating C type support dispatch for ROS interfaces[0m
[1.833s] [ 29%] [34m[1mGenerating C introspection for ROS interfaces[0m
[1.858s] [ 32%] [32mBuilding CXX object CMakeFiles/ir_led_measure__rosidl_typesupport_introspection_cpp.dir/rosidl_typesupport_introspection_cpp/ir_led_measure/msg/detail/direct__type_support.cpp.o[0m
[1.900s] [35m[1mScanning dependencies of target ir_led_measure__rosidl_typesupport_cpp[0m
[1.903s] [35m[1mScanning dependencies of target ir_led_measure__rosidl_typesupport_fastrtps_cpp[0m
[1.916s] [ 35%] [32mBuilding CXX object CMakeFiles/ir_led_measure__rosidl_typesupport_cpp.dir/rosidl_typesupport_cpp/ir_led_measure/msg/direct__type_support.cpp.o[0m
[1.929s] [ 38%] [32mBuilding CXX object CMakeFiles/ir_led_measure__rosidl_typesupport_fastrtps_cpp.dir/rosidl_typesupport_fastrtps_cpp/ir_led_measure/msg/detail/dds_fastrtps/direct__type_support.cpp.o[0m
[2.091s] [35m[1mScanning dependencies of target ir_led_measure__rosidl_typesupport_c[0m
[2.106s] [ 41%] [32mBuilding CXX object CMakeFiles/ir_led_measure__rosidl_typesupport_c.dir/rosidl_typesupport_c/ir_led_measure/msg/direct__type_support.cpp.o[0m
[2.106s] [35m[1mScanning dependencies of target ir_led_measure__rosidl_typesupport_introspection_c[0m
[2.183s] [ 45%] [32mBuilding C object CMakeFiles/ir_led_measure__rosidl_typesupport_introspection_c.dir/rosidl_typesupport_introspection_c/ir_led_measure/msg/detail/direct__type_support.c.o[0m
[2.195s] [ 48%] [32m[1mLinking CXX shared library libir_led_measure__rosidl_typesupport_c.so[0m
[2.226s] [ 51%] [32m[1mLinking C shared library libir_led_measure__rosidl_typesupport_introspection_c.so[0m
[2.255s] [ 54%] [32m[1mLinking CXX shared library libir_led_measure__rosidl_typesupport_cpp.so[0m
[2.263s] [ 54%] Built target ir_led_measure__rosidl_typesupport_c
[2.266s] [ 58%] [32m[1mLinking CXX shared library libir_led_measure__rosidl_typesupport_introspection_cpp.so[0m
[2.277s] [ 58%] Built target ir_led_measure__rosidl_typesupport_introspection_c
[2.300s] [ 58%] Built target ir_led_measure__rosidl_typesupport_introspection_cpp
[2.301s] [ 58%] Built target ir_led_measure__rosidl_typesupport_cpp
[2.360s] [ 61%] [32m[1mLinking CXX shared library libir_led_measure__rosidl_typesupport_fastrtps_cpp.so[0m
[2.441s] [ 61%] Built target ir_led_measure__rosidl_typesupport_fastrtps_cpp
[2.454s] [ 64%] [34m[1mGenerating C type support for eProsima Fast-RTPS[0m
[2.615s] [35m[1mScanning dependencies of target ir_led_measure__rosidl_typesupport_fastrtps_c[0m
[2.626s] [ 67%] [32mBuilding CXX object CMakeFiles/ir_led_measure__rosidl_typesupport_fastrtps_c.dir/rosidl_typesupport_fastrtps_c/ir_led_measure/msg/detail/direct__type_support_c.cpp.o[0m
[2.882s] [ 70%] [32m[1mLinking CXX shared library libir_led_measure__rosidl_typesupport_fastrtps_c.so[0m
[2.962s] [ 70%] Built target ir_led_measure__rosidl_typesupport_fastrtps_c
[2.971s] [35m[1mScanning dependencies of target ir_led_measure[0m
[2.980s] [ 70%] Built target ir_led_measure
[2.990s] [35m[1mScanning dependencies of target ir_led_measure__py[0m
[2.999s] [ 74%] [34m[1mGenerating Python code for ROS interfaces[0m
[3.290s] [ 74%] Built target ir_led_measure__py
[3.298s] [35m[1mScanning dependencies of target ir_led_measure__python[0m
[3.334s] [ 77%] [32mBuilding C object CMakeFiles/ir_led_measure__python.dir/rosidl_generator_py/ir_led_measure/msg/_direct_s.c.o[0m
[3.408s] [ 80%] [32m[1mLinking C shared library rosidl_generator_py/ir_led_measure/libir_led_measure__python.so[0m
[3.443s] [ 80%] Built target ir_led_measure__python
[3.455s] [35m[1mScanning dependencies of target ir_led_measure__rosidl_typesupport_introspection_c__pyext[0m
[3.456s] [35m[1mScanning dependencies of target ir_led_measure__rosidl_typesupport_c__pyext[0m
[3.456s] [35m[1mScanning dependencies of target ir_led_measure__rosidl_typesupport_fastrtps_c__pyext[0m
[3.471s] [ 83%] [32mBuilding C object CMakeFiles/ir_led_measure__rosidl_typesupport_introspection_c__pyext.dir/rosidl_generator_py/ir_led_measure/_ir_led_measure_s.ep.rosidl_typesupport_introspection_c.c.o[0m
[3.471s] [ 87%] [32mBuilding C object CMakeFiles/ir_led_measure__rosidl_typesupport_c__pyext.dir/rosidl_generator_py/ir_led_measure/_ir_led_measure_s.ep.rosidl_typesupport_c.c.o[0m
[3.471s] [ 90%] [32mBuilding C object CMakeFiles/ir_led_measure__rosidl_typesupport_fastrtps_c__pyext.dir/rosidl_generator_py/ir_led_measure/_ir_led_measure_s.ep.rosidl_typesupport_fastrtps_c.c.o[0m
[3.538s] [ 93%] [32m[1mLinking C shared library rosidl_generator_py/ir_led_measure/ir_led_measure_s__rosidl_typesupport_introspection_c.cpython-38-x86_64-linux-gnu.so[0m
[3.560s] [ 96%] [32m[1mLinking CXX shared library rosidl_generator_py/ir_led_measure/ir_led_measure_s__rosidl_typesupport_fastrtps_c.cpython-38-x86_64-linux-gnu.so[0m
[3.562s] [100%] [32m[1mLinking C shared library rosidl_generator_py/ir_led_measure/ir_led_measure_s__rosidl_typesupport_c.cpython-38-x86_64-linux-gnu.so[0m
[3.571s] [100%] Built target ir_led_measure__rosidl_typesupport_introspection_c__pyext
[3.592s] [100%] Built target ir_led_measure__rosidl_typesupport_c__pyext
[3.611s] [100%] Built target ir_led_measure__rosidl_typesupport_fastrtps_c__pyext
[3.621s] Invoked command in '/home/gxh/Desktop/ir_ws/src/ir_led_measure/build/ir_led_measure' returned '0': CMAKE_PREFIX_PATH=/opt/ros/galactic:${CMAKE_PREFIX_PATH} /usr/bin/cmake --build /home/gxh/Desktop/ir_ws/src/ir_led_measure/build/ir_led_measure -- -j8 -l8
[3.688s] Invoking command in '/home/gxh/Desktop/ir_ws/src/ir_led_measure/build/ir_led_measure': CMAKE_PREFIX_PATH=/opt/ros/galactic:${CMAKE_PREFIX_PATH} /usr/bin/cmake --install /home/gxh/Desktop/ir_ws/src/ir_led_measure/build/ir_led_measure
[3.695s] -- Install configuration: ""
[3.695s] -- Installing: /home/gxh/Desktop/ir_ws/src/ir_led_measure/install/ir_led_measure/share/ament_index/resource_index/rosidl_interfaces/ir_led_measure
[3.696s] -- Installing: /home/gxh/Desktop/ir_ws/src/ir_led_measure/install/ir_led_measure/include/ir_led_measure
[3.696s] -- Installing: /home/gxh/Desktop/ir_ws/src/ir_led_measure/install/ir_led_measure/include/ir_led_measure/msg
[3.696s] -- Installing: /home/gxh/Desktop/ir_ws/src/ir_led_measure/install/ir_led_measure/include/ir_led_measure/msg/rosidl_generator_c__visibility_control.h
[3.696s] -- Installing: /home/gxh/Desktop/ir_ws/src/ir_led_measure/install/ir_led_measure/include/ir_led_measure/msg/direct.h
[3.696s] -- Installing: /home/gxh/Desktop/ir_ws/src/ir_led_measure/install/ir_led_measure/include/ir_led_measure/msg/detail
[3.696s] -- Installing: /home/gxh/Desktop/ir_ws/src/ir_led_measure/install/ir_led_measure/include/ir_led_measure/msg/detail/direct__type_support.h
[3.696s] -- Installing: /home/gxh/Desktop/ir_ws/src/ir_led_measure/install/ir_led_measure/include/ir_led_measure/msg/detail/direct__struct.h
[3.696s] -- Installing: /home/gxh/Desktop/ir_ws/src/ir_led_measure/install/ir_led_measure/include/ir_led_measure/msg/detail/direct__functions.h
[3.696s] -- Installing: /home/gxh/Desktop/ir_ws/src/ir_led_measure/install/ir_led_measure/include/ir_led_measure/msg/detail/direct__functions.c
[3.696s] -- Installing: /home/gxh/Desktop/ir_ws/src/ir_led_measure/install/ir_led_measure/share/ir_led_measure/environment/library_path.sh
[3.696s] -- Installing: /home/gxh/Desktop/ir_ws/src/ir_led_measure/install/ir_led_measure/share/ir_led_measure/environment/library_path.dsv
[3.696s] -- Installing: /home/gxh/Desktop/ir_ws/src/ir_led_measure/install/ir_led_measure/lib/libir_led_measure__rosidl_generator_c.so
[3.697s] -- Set runtime path of "/home/gxh/Desktop/ir_ws/src/ir_led_measure/install/ir_led_measure/lib/libir_led_measure__rosidl_generator_c.so" to ""
[3.697s] -- Up-to-date: /home/gxh/Desktop/ir_ws/src/ir_led_measure/install/ir_led_measure/include/ir_led_measure
[3.697s] -- Up-to-date: /home/gxh/Desktop/ir_ws/src/ir_led_measure/install/ir_led_measure/include/ir_led_measure/msg
[3.697s] -- Installing: /home/gxh/Desktop/ir_ws/src/ir_led_measure/install/ir_led_measure/include/ir_led_measure/msg/rosidl_typesupport_fastrtps_c__visibility_control.h
[3.697s] -- Up-to-date: /home/gxh/Desktop/ir_ws/src/ir_led_measure/install/ir_led_measure/include/ir_led_measure/msg/detail
[3.697s] -- Installing: /home/gxh/Desktop/ir_ws/src/ir_led_measure/install/ir_led_measure/include/ir_led_measure/msg/detail/direct__rosidl_typesupport_fastrtps_c.h
[3.697s] -- Installing: /home/gxh/Desktop/ir_ws/src/ir_led_measure/install/ir_led_measure/lib/libir_led_measure__rosidl_typesupport_fastrtps_c.so
[3.697s] -- Set runtime path of "/home/gxh/Desktop/ir_ws/src/ir_led_measure/install/ir_led_measure/lib/libir_led_measure__rosidl_typesupport_fastrtps_c.so" to ""
[3.697s] -- Up-to-date: /home/gxh/Desktop/ir_ws/src/ir_led_measure/install/ir_led_measure/include/ir_led_measure
[3.697s] -- Up-to-date: /home/gxh/Desktop/ir_ws/src/ir_led_measure/install/ir_led_measure/include/ir_led_measure/msg
[3.698s] -- Installing: /home/gxh/Desktop/ir_ws/src/ir_led_measure/install/ir_led_measure/include/ir_led_measure/msg/rosidl_typesupport_fastrtps_cpp__visibility_control.h
[3.698s] -- Up-to-date: /home/gxh/Desktop/ir_ws/src/ir_led_measure/install/ir_led_measure/include/ir_led_measure/msg/detail
[3.698s] -- Installing: /home/gxh/Desktop/ir_ws/src/ir_led_measure/install/ir_led_measure/include/ir_led_measure/msg/detail/direct__rosidl_typesupport_fastrtps_cpp.hpp
[3.698s] -- Installing: /home/gxh/Desktop/ir_ws/src/ir_led_measure/install/ir_led_measure/include/ir_led_measure/msg/detail/dds_fastrtps
[3.698s] -- Installing: /home/gxh/Desktop/ir_ws/src/ir_led_measure/install/ir_led_measure/lib/libir_led_measure__rosidl_typesupport_fastrtps_cpp.so
[3.698s] -- Set runtime path of "/home/gxh/Desktop/ir_ws/src/ir_led_measure/install/ir_led_measure/lib/libir_led_measure__rosidl_typesupport_fastrtps_cpp.so" to ""
[3.698s] -- Up-to-date: /home/gxh/Desktop/ir_ws/src/ir_led_measure/install/ir_led_measure/include/ir_led_measure
[3.698s] -- Up-to-date: /home/gxh/Desktop/ir_ws/src/ir_led_measure/install/ir_led_measure/include/ir_led_measure/msg
[3.698s] -- Installing: /home/gxh/Desktop/ir_ws/src/ir_led_measure/install/ir_led_measure/include/ir_led_measure/msg/rosidl_typesupport_introspection_c__visibility_control.h
[3.698s] -- Up-to-date: /home/gxh/Desktop/ir_ws/src/ir_led_measure/install/ir_led_measure/include/ir_led_measure/msg/detail
[3.698s] -- Installing: /home/gxh/Desktop/ir_ws/src/ir_led_measure/install/ir_led_measure/include/ir_led_measure/msg/detail/direct__type_support.c
[3.698s] -- Installing: /home/gxh/Desktop/ir_ws/src/ir_led_measure/install/ir_led_measure/include/ir_led_measure/msg/detail/direct__rosidl_typesupport_introspection_c.h
[3.699s] -- Installing: /home/gxh/Desktop/ir_ws/src/ir_led_measure/install/ir_led_measure/lib/libir_led_measure__rosidl_typesupport_introspection_c.so
[3.699s] -- Set runtime path of "/home/gxh/Desktop/ir_ws/src/ir_led_measure/install/ir_led_measure/lib/libir_led_measure__rosidl_typesupport_introspection_c.so" to ""
[3.699s] -- Installing: /home/gxh/Desktop/ir_ws/src/ir_led_measure/install/ir_led_measure/lib/libir_led_measure__rosidl_typesupport_c.so
[3.699s] -- Set runtime path of "/home/gxh/Desktop/ir_ws/src/ir_led_measure/install/ir_led_measure/lib/libir_led_measure__rosidl_typesupport_c.so" to ""
[3.699s] -- Up-to-date: /home/gxh/Desktop/ir_ws/src/ir_led_measure/install/ir_led_measure/include/ir_led_measure
[3.699s] -- Up-to-date: /home/gxh/Desktop/ir_ws/src/ir_led_measure/install/ir_led_measure/include/ir_led_measure/msg
[3.699s] -- Installing: /home/gxh/Desktop/ir_ws/src/ir_led_measure/install/ir_led_measure/include/ir_led_measure/msg/direct.hpp
[3.699s] -- Up-to-date: /home/gxh/Desktop/ir_ws/src/ir_led_measure/install/ir_led_measure/include/ir_led_measure/msg/detail
[3.700s] -- Installing: /home/gxh/Desktop/ir_ws/src/ir_led_measure/install/ir_led_measure/include/ir_led_measure/msg/detail/direct__struct.hpp
[3.700s] -- Installing: /home/gxh/Desktop/ir_ws/src/ir_led_measure/install/ir_led_measure/include/ir_led_measure/msg/detail/direct__builder.hpp
[3.700s] -- Installing: /home/gxh/Desktop/ir_ws/src/ir_led_measure/install/ir_led_measure/include/ir_led_measure/msg/detail/direct__traits.hpp
[3.700s] -- Up-to-date: /home/gxh/Desktop/ir_ws/src/ir_led_measure/install/ir_led_measure/include/ir_led_measure
[3.700s] -- Up-to-date: /home/gxh/Desktop/ir_ws/src/ir_led_measure/install/ir_led_measure/include/ir_led_measure/msg
[3.700s] -- Up-to-date: /home/gxh/Desktop/ir_ws/src/ir_led_measure/install/ir_led_measure/include/ir_led_measure/msg/detail
[3.700s] -- Installing: /home/gxh/Desktop/ir_ws/src/ir_led_measure/install/ir_led_measure/include/ir_led_measure/msg/detail/direct__rosidl_typesupport_introspection_cpp.hpp
[3.700s] -- Installing: /home/gxh/Desktop/ir_ws/src/ir_led_measure/install/ir_led_measure/include/ir_led_measure/msg/detail/direct__type_support.cpp
[3.700s] -- Installing: /home/gxh/Desktop/ir_ws/src/ir_led_measure/install/ir_led_measure/lib/libir_led_measure__rosidl_typesupport_introspection_cpp.so
[3.700s] -- Set runtime path of "/home/gxh/Desktop/ir_ws/src/ir_led_measure/install/ir_led_measure/lib/libir_led_measure__rosidl_typesupport_introspection_cpp.so" to ""
[3.700s] -- Installing: /home/gxh/Desktop/ir_ws/src/ir_led_measure/install/ir_led_measure/lib/libir_led_measure__rosidl_typesupport_cpp.so
[3.701s] -- Set runtime path of "/home/gxh/Desktop/ir_ws/src/ir_led_measure/install/ir_led_measure/lib/libir_led_measure__rosidl_typesupport_cpp.so" to ""
[3.701s] -- Installing: /home/gxh/Desktop/ir_ws/src/ir_led_measure/install/ir_led_measure/share/ir_led_measure/environment/pythonpath.sh
[3.701s] -- Installing: /home/gxh/Desktop/ir_ws/src/ir_led_measure/install/ir_led_measure/share/ir_led_measure/environment/pythonpath.dsv
[3.701s] -- Installing: /home/gxh/Desktop/ir_ws/src/ir_led_measure/install/ir_led_measure/lib/python3.8/site-packages/ir_led_measure/__init__.py
[3.728s] Compiling '/home/gxh/Desktop/ir_ws/src/ir_led_measure/install/ir_led_measure/lib/python3.8/site-packages/ir_led_measure/__init__.py'...
[3.734s] -- Installing: /home/gxh/Desktop/ir_ws/src/ir_led_measure/install/ir_led_measure/lib/python3.8/site-packages/ir_led_measure/msg
[3.734s] -- Installing: /home/gxh/Desktop/ir_ws/src/ir_led_measure/install/ir_led_measure/lib/python3.8/site-packages/ir_led_measure/msg/__init__.py
[3.734s] -- Installing: /home/gxh/Desktop/ir_ws/src/ir_led_measure/install/ir_led_measure/lib/python3.8/site-packages/ir_led_measure/msg/_direct_s.c
[3.734s] -- Installing: /home/gxh/Desktop/ir_ws/src/ir_led_measure/install/ir_led_measure/lib/python3.8/site-packages/ir_led_measure/msg/_direct.py
[3.734s] -- Installing: /home/gxh/Desktop/ir_ws/src/ir_led_measure/install/ir_led_measure/lib/python3.8/site-packages/ir_led_measure/ir_led_measure_s__rosidl_typesupport_fastrtps_c.cpython-38-x86_64-linux-gnu.so
[3.735s] -- Set runtime path of "/home/gxh/Desktop/ir_ws/src/ir_led_measure/install/ir_led_measure/lib/python3.8/site-packages/ir_led_measure/ir_led_measure_s__rosidl_typesupport_fastrtps_c.cpython-38-x86_64-linux-gnu.so" to ""
[3.735s] -- Installing: /home/gxh/Desktop/ir_ws/src/ir_led_measure/install/ir_led_measure/lib/python3.8/site-packages/ir_led_measure/ir_led_measure_s__rosidl_typesupport_introspection_c.cpython-38-x86_64-linux-gnu.so
[3.735s] -- Set runtime path of "/home/gxh/Desktop/ir_ws/src/ir_led_measure/install/ir_led_measure/lib/python3.8/site-packages/ir_led_measure/ir_led_measure_s__rosidl_typesupport_introspection_c.cpython-38-x86_64-linux-gnu.so" to ""
[3.735s] -- Installing: /home/gxh/Desktop/ir_ws/src/ir_led_measure/install/ir_led_measure/lib/python3.8/site-packages/ir_led_measure/ir_led_measure_s__rosidl_typesupport_c.cpython-38-x86_64-linux-gnu.so
[3.736s] -- Set runtime path of "/home/gxh/Desktop/ir_ws/src/ir_led_measure/install/ir_led_measure/lib/python3.8/site-packages/ir_led_measure/ir_led_measure_s__rosidl_typesupport_c.cpython-38-x86_64-linux-gnu.so" to ""
[3.736s] -- Installing: /home/gxh/Desktop/ir_ws/src/ir_led_measure/install/ir_led_measure/lib/libir_led_measure__python.so
[3.736s] -- Set runtime path of "/home/gxh/Desktop/ir_ws/src/ir_led_measure/install/ir_led_measure/lib/libir_led_measure__python.so" to ""
[3.736s] -- Installing: /home/gxh/Desktop/ir_ws/src/ir_led_measure/install/ir_led_measure/share/ir_led_measure/msg/Direct.idl
[3.736s] -- Installing: /home/gxh/Desktop/ir_ws/src/ir_led_measure/install/ir_led_measure/share/ir_led_measure/msg/Direct.msg
[3.736s] -- Installing: /home/gxh/Desktop/ir_ws/src/ir_led_measure/install/ir_led_measure/lib/python3.8/site-packages//ir_led_measure.egg-info
[3.736s] -- Installing: /home/gxh/Desktop/ir_ws/src/ir_led_measure/install/ir_led_measure/lib/python3.8/site-packages//ir_led_measure.egg-info/top_level.txt
[3.737s] -- Installing: /home/gxh/Desktop/ir_ws/src/ir_led_measure/install/ir_led_measure/lib/python3.8/site-packages//ir_led_measure.egg-info/dependency_links.txt
[3.737s] -- Installing: /home/gxh/Desktop/ir_ws/src/ir_led_measure/install/ir_led_measure/lib/python3.8/site-packages//ir_led_measure.egg-info/PKG-INFO
[3.737s] -- Installing: /home/gxh/Desktop/ir_ws/src/ir_led_measure/install/ir_led_measure/lib/python3.8/site-packages//ir_led_measure.egg-info/SOURCES.txt
[3.737s] -- Up-to-date: /home/gxh/Desktop/ir_ws/src/ir_led_measure/install/ir_led_measure/lib/python3.8/site-packages/ir_led_measure
[3.737s] -- Installing: /home/gxh/Desktop/ir_ws/src/ir_led_measure/install/ir_led_measure/lib/python3.8/site-packages/ir_led_measure/__init__.py
[3.767s] Listing '/home/gxh/Desktop/ir_ws/src/ir_led_measure/install/ir_led_measure/lib/python3.8/site-packages/ir_led_measure'...
[3.767s] Compiling '/home/gxh/Desktop/ir_ws/src/ir_led_measure/install/ir_led_measure/lib/python3.8/site-packages/ir_led_measure/__init__.py'...
[3.767s] Listing '/home/gxh/Desktop/ir_ws/src/ir_led_measure/install/ir_led_measure/lib/python3.8/site-packages/ir_led_measure/msg'...
[3.767s] Compiling '/home/gxh/Desktop/ir_ws/src/ir_led_measure/install/ir_led_measure/lib/python3.8/site-packages/ir_led_measure/msg/__init__.py'...
[3.767s] Compiling '/home/gxh/Desktop/ir_ws/src/ir_led_measure/install/ir_led_measure/lib/python3.8/site-packages/ir_led_measure/msg/_direct.py'...
[3.771s] -- Installing: /home/gxh/Desktop/ir_ws/src/ir_led_measure/install/ir_led_measure/lib/ir_led_measure/camera_publisher.py
[3.771s] -- Installing: /home/gxh/Desktop/ir_ws/src/ir_led_measure/install/ir_led_measure/lib/ir_led_measure/mvsdk.py
[3.771s] -- Installing: /home/gxh/Desktop/ir_ws/src/ir_led_measure/install/ir_led_measure/lib/ir_led_measure/fusion.py
[3.771s] -- Installing: /home/gxh/Desktop/ir_ws/src/ir_led_measure/install/ir_led_measure/share/ir_led_measure//launch
[3.771s] -- Installing: /home/gxh/Desktop/ir_ws/src/ir_led_measure/install/ir_led_measure/share/ir_led_measure//launch/rosbag_launch.py
[3.771s] -- Installing: /home/gxh/Desktop/ir_ws/src/ir_led_measure/install/ir_led_measure/share/ir_led_measure//launch/ir_launch.py
[3.771s] -- Installing: /home/gxh/Desktop/ir_ws/src/ir_led_measure/install/ir_led_measure/share/ament_index/resource_index/package_run_dependencies/ir_led_measure
[3.771s] -- Installing: /home/gxh/Desktop/ir_ws/src/ir_led_measure/install/ir_led_measure/share/ament_index/resource_index/parent_prefix_path/ir_led_measure
[3.772s] -- Installing: /home/gxh/Desktop/ir_ws/src/ir_led_measure/install/ir_led_measure/share/ir_led_measure/environment/ament_prefix_path.sh
[3.772s] -- Installing: /home/gxh/Desktop/ir_ws/src/ir_led_measure/install/ir_led_measure/share/ir_led_measure/environment/ament_prefix_path.dsv
[3.772s] -- Installing: /home/gxh/Desktop/ir_ws/src/ir_led_measure/install/ir_led_measure/share/ir_led_measure/environment/path.sh
[3.772s] -- Installing: /home/gxh/Desktop/ir_ws/src/ir_led_measure/install/ir_led_measure/share/ir_led_measure/environment/path.dsv
[3.772s] -- Installing: /home/gxh/Desktop/ir_ws/src/ir_led_measure/install/ir_led_measure/share/ir_led_measure/local_setup.bash
[3.772s] -- Installing: /home/gxh/Desktop/ir_ws/src/ir_led_measure/install/ir_led_measure/share/ir_led_measure/local_setup.sh
[3.772s] -- Installing: /home/gxh/Desktop/ir_ws/src/ir_led_measure/install/ir_led_measure/share/ir_led_measure/local_setup.zsh
[3.772s] -- Installing: /home/gxh/Desktop/ir_ws/src/ir_led_measure/install/ir_led_measure/share/ir_led_measure/local_setup.dsv
[3.772s] -- Installing: /home/gxh/Desktop/ir_ws/src/ir_led_measure/install/ir_led_measure/share/ir_led_measure/package.dsv
[3.773s] -- Installing: /home/gxh/Desktop/ir_ws/src/ir_led_measure/install/ir_led_measure/share/ament_index/resource_index/packages/ir_led_measure
[3.773s] -- Installing: /home/gxh/Desktop/ir_ws/src/ir_led_measure/install/ir_led_measure/share/ir_led_measure/cmake/ir_led_measure__rosidl_generator_cExport.cmake
[3.773s] -- Installing: /home/gxh/Desktop/ir_ws/src/ir_led_measure/install/ir_led_measure/share/ir_led_measure/cmake/ir_led_measure__rosidl_generator_cExport-noconfig.cmake
[3.773s] -- Installing: /home/gxh/Desktop/ir_ws/src/ir_led_measure/install/ir_led_measure/share/ir_led_measure/cmake/ir_led_measure__rosidl_typesupport_introspection_cExport.cmake
[3.773s] -- Installing: /home/gxh/Desktop/ir_ws/src/ir_led_measure/install/ir_led_measure/share/ir_led_measure/cmake/ir_led_measure__rosidl_typesupport_introspection_cExport-noconfig.cmake
[3.773s] -- Installing: /home/gxh/Desktop/ir_ws/src/ir_led_measure/install/ir_led_measure/share/ir_led_measure/cmake/ir_led_measure__rosidl_typesupport_cExport.cmake
[3.773s] -- Installing: /home/gxh/Desktop/ir_ws/src/ir_led_measure/install/ir_led_measure/share/ir_led_measure/cmake/ir_led_measure__rosidl_typesupport_cExport-noconfig.cmake
[3.773s] -- Installing: /home/gxh/Desktop/ir_ws/src/ir_led_measure/install/ir_led_measure/share/ir_led_measure/cmake/ir_led_measure__rosidl_generator_cppExport.cmake
[3.774s] -- Installing: /home/gxh/Desktop/ir_ws/src/ir_led_measure/install/ir_led_measure/share/ir_led_measure/cmake/ir_led_measure__rosidl_typesupport_introspection_cppExport.cmake
[3.774s] -- Installing: /home/gxh/Desktop/ir_ws/src/ir_led_measure/install/ir_led_measure/share/ir_led_measure/cmake/ir_led_measure__rosidl_typesupport_introspection_cppExport-noconfig.cmake
[3.774s] -- Installing: /home/gxh/Desktop/ir_ws/src/ir_led_measure/install/ir_led_measure/share/ir_led_measure/cmake/ir_led_measure__rosidl_typesupport_cppExport.cmake
[3.774s] -- Installing: /home/gxh/Desktop/ir_ws/src/ir_led_measure/install/ir_led_measure/share/ir_led_measure/cmake/ir_led_measure__rosidl_typesupport_cppExport-noconfig.cmake
[3.774s] -- Installing: /home/gxh/Desktop/ir_ws/src/ir_led_measure/install/ir_led_measure/share/ir_led_measure/cmake/rosidl_cmake-extras.cmake
[3.774s] -- Installing: /home/gxh/Desktop/ir_ws/src/ir_led_measure/install/ir_led_measure/share/ir_led_measure/cmake/ament_cmake_export_dependencies-extras.cmake
[3.774s] -- Installing: /home/gxh/Desktop/ir_ws/src/ir_led_measure/install/ir_led_measure/share/ir_led_measure/cmake/ament_cmake_export_libraries-extras.cmake
[3.774s] -- Installing: /home/gxh/Desktop/ir_ws/src/ir_led_measure/install/ir_led_measure/share/ir_led_measure/cmake/ament_cmake_export_targets-extras.cmake
[3.775s] -- Installing: /home/gxh/Desktop/ir_ws/src/ir_led_measure/install/ir_led_measure/share/ir_led_measure/cmake/ament_cmake_export_include_directories-extras.cmake
[3.775s] -- Installing: /home/gxh/Desktop/ir_ws/src/ir_led_measure/install/ir_led_measure/share/ir_led_measure/cmake/rosidl_cmake_export_typesupport_libraries-extras.cmake
[3.775s] -- Installing: /home/gxh/Desktop/ir_ws/src/ir_led_measure/install/ir_led_measure/share/ir_led_measure/cmake/rosidl_cmake_export_typesupport_targets-extras.cmake
[3.775s] -- Installing: /home/gxh/Desktop/ir_ws/src/ir_led_measure/install/ir_led_measure/share/ir_led_measure/cmake/ir_led_measureConfig.cmake
[3.775s] -- Installing: /home/gxh/Desktop/ir_ws/src/ir_led_measure/install/ir_led_measure/share/ir_led_measure/cmake/ir_led_measureConfig-version.cmake
[3.775s] -- Installing: /home/gxh/Desktop/ir_ws/src/ir_led_measure/install/ir_led_measure/share/ir_led_measure/package.xml
[3.777s] Invoked command in '/home/gxh/Desktop/ir_ws/src/ir_led_measure/build/ir_led_measure' returned '0': CMAKE_PREFIX_PATH=/opt/ros/galactic:${CMAKE_PREFIX_PATH} /usr/bin/cmake --install /home/gxh/Desktop/ir_ws/src/ir_led_measure/build/ir_led_measure
