[0.010s] Invoking command in '/home/gxh/Desktop/ir_ws/src/reflict/build/reflict': CMAKE_PREFIX_PATH=/home/gxh/can_ws/install/usbcan:/home/gxh/can_ws/install/dm4310_controller:/home/gxh/can_ws/install/arm_force:/home/gxh/can_ws/install/arm_cooperate:/home/gxh/car_ws/install/map_get:/opt/ros/galactic:/home/gxh/dlo_ws/devel:/home/gxh/ws_livox/devel:/home/gxh/catkin_ws/devel /usr/bin/cmake /home/gxh/Desktop/ir_ws/src/reflict -DCMAKE_INSTALL_PREFIX=/home/gxh/Desktop/ir_ws/src/reflict/install/reflict
[0.049s] -- The C compiler identification is GNU 9.4.0
[0.089s] -- The CXX compiler identification is GNU 9.4.0
[0.092s] -- Check for working C compiler: /usr/bin/cc
[0.153s] -- Check for working C compiler: /usr/bin/cc -- works
[0.154s] -- Detecting C compiler ABI info
[0.204s] -- Detecting C compiler ABI info - done
[0.214s] -- Detecting C compile features
[0.214s] -- Detecting C compile features - done
[0.216s] -- Check for working CXX compiler: /usr/bin/c++
[0.274s] -- Check for working CXX compiler: /usr/bin/c++ -- works
[0.276s] -- Detecting CXX compiler ABI info
[0.339s] -- Detecting CXX compiler ABI info - done
[0.354s] -- Detecting CXX compile features
[0.355s] -- Detecting CXX compile features - done
[0.358s] -- Found ament_cmake: 1.1.6 (/opt/ros/galactic/share/ament_cmake/cmake)
[0.379s] -- Found PythonInterp: /usr/bin/python3 (found suitable version "3.8.10", minimum required is "3") 
[0.379s] -- Using PYTHON_EXECUTABLE: /usr/bin/python3
[0.466s] -- Found rclpy: 1.9.3 (/opt/ros/galactic/share/rclpy/cmake)
[0.468s] -- Found std_msgs: 2.2.4 (/opt/ros/galactic/share/std_msgs/cmake)
[0.517s] -- Using all available rosidl_typesupport_c: rosidl_typesupport_fastrtps_c;rosidl_typesupport_introspection_c
[0.526s] -- Found rosidl_adapter: 2.2.3 (/opt/ros/galactic/share/rosidl_adapter/cmake)
[0.614s] -- Found OpenSSL: /usr/lib/x86_64-linux-gnu/libcrypto.so (found version "1.1.1f")  
[0.637s] -- Found FastRTPS: /opt/ros/galactic/include  
[0.682s] -- Using all available rosidl_typesupport_cpp: rosidl_typesupport_fastrtps_cpp;rosidl_typesupport_introspection_cpp
[0.717s] -- Found rosidl_default_generators: 1.1.1 (/opt/ros/galactic/share/rosidl_default_generators/cmake)
[0.791s] -- Found ament_lint_auto: 0.10.7 (/opt/ros/galactic/share/ament_lint_auto/cmake)
[0.852s] -- Configuring done
[0.853s] -- Generating done
[0.854s] -- Build files have been written to: /home/gxh/Desktop/ir_ws/src/reflict/build/reflict
[0.861s] Invoked command in '/home/gxh/Desktop/ir_ws/src/reflict/build/reflict' returned '0': CMAKE_PREFIX_PATH=/home/gxh/can_ws/install/usbcan:/home/gxh/can_ws/install/dm4310_controller:/home/gxh/can_ws/install/arm_force:/home/gxh/can_ws/install/arm_cooperate:/home/gxh/car_ws/install/map_get:/opt/ros/galactic:/home/gxh/dlo_ws/devel:/home/gxh/ws_livox/devel:/home/gxh/catkin_ws/devel /usr/bin/cmake /home/gxh/Desktop/ir_ws/src/reflict -DCMAKE_INSTALL_PREFIX=/home/gxh/Desktop/ir_ws/src/reflict/install/reflict
[0.865s] Invoking command in '/home/gxh/Desktop/ir_ws/src/reflict/build/reflict': CMAKE_PREFIX_PATH=/home/gxh/can_ws/install/usbcan:/home/gxh/can_ws/install/dm4310_controller:/home/gxh/can_ws/install/arm_force:/home/gxh/can_ws/install/arm_cooperate:/home/gxh/car_ws/install/map_get:/opt/ros/galactic:/home/gxh/dlo_ws/devel:/home/gxh/ws_livox/devel:/home/gxh/catkin_ws/devel /usr/bin/cmake --build /home/gxh/Desktop/ir_ws/src/reflict/build/reflict -- -j8 -l8
[0.905s] [35m[1mScanning dependencies of target ament_cmake_python_copy_reflict[0m
[0.921s] Built target ament_cmake_python_copy_reflict
[0.930s] [35m[1mScanning dependencies of target ament_cmake_python_build_reflict_egg[0m
[1.122s] running egg_info
[1.122s] creating reflict.egg-info
[1.123s] writing reflict.egg-info/PKG-INFO
[1.123s] writing dependency_links to reflict.egg-info/dependency_links.txt
[1.123s] writing top-level names to reflict.egg-info/top_level.txt
[1.124s] writing manifest file 'reflict.egg-info/SOURCES.txt'
[1.151s] reading manifest file 'reflict.egg-info/SOURCES.txt'
[1.151s] writing manifest file 'reflict.egg-info/SOURCES.txt'
[1.174s] Built target ament_cmake_python_build_reflict_egg
[1.185s] Invoked command in '/home/gxh/Desktop/ir_ws/src/reflict/build/reflict' returned '0': CMAKE_PREFIX_PATH=/home/gxh/can_ws/install/usbcan:/home/gxh/can_ws/install/dm4310_controller:/home/gxh/can_ws/install/arm_force:/home/gxh/can_ws/install/arm_cooperate:/home/gxh/car_ws/install/map_get:/opt/ros/galactic:/home/gxh/dlo_ws/devel:/home/gxh/ws_livox/devel:/home/gxh/catkin_ws/devel /usr/bin/cmake --build /home/gxh/Desktop/ir_ws/src/reflict/build/reflict -- -j8 -l8
[1.215s] Invoking command in '/home/gxh/Desktop/ir_ws/src/reflict/build/reflict': CMAKE_PREFIX_PATH=/home/gxh/can_ws/install/usbcan:/home/gxh/can_ws/install/dm4310_controller:/home/gxh/can_ws/install/arm_force:/home/gxh/can_ws/install/arm_cooperate:/home/gxh/car_ws/install/map_get:/opt/ros/galactic:/home/gxh/dlo_ws/devel:/home/gxh/ws_livox/devel:/home/gxh/catkin_ws/devel /usr/bin/cmake --install /home/gxh/Desktop/ir_ws/src/reflict/build/reflict
[1.224s] -- Install configuration: ""
[1.224s] -- Installing: /home/gxh/Desktop/ir_ws/src/reflict/install/reflict/share/reflict/environment/pythonpath.sh
[1.224s] -- Installing: /home/gxh/Desktop/ir_ws/src/reflict/install/reflict/share/reflict/environment/pythonpath.dsv
[1.224s] -- Installing: /home/gxh/Desktop/ir_ws/src/reflict/install/reflict/lib/python3.8/site-packages//reflict.egg-info
[1.224s] -- Installing: /home/gxh/Desktop/ir_ws/src/reflict/install/reflict/lib/python3.8/site-packages//reflict.egg-info/top_level.txt
[1.224s] -- Installing: /home/gxh/Desktop/ir_ws/src/reflict/install/reflict/lib/python3.8/site-packages//reflict.egg-info/dependency_links.txt
[1.224s] -- Installing: /home/gxh/Desktop/ir_ws/src/reflict/install/reflict/lib/python3.8/site-packages//reflict.egg-info/PKG-INFO
[1.224s] -- Installing: /home/gxh/Desktop/ir_ws/src/reflict/install/reflict/lib/python3.8/site-packages//reflict.egg-info/SOURCES.txt
[1.224s] -- Installing: /home/gxh/Desktop/ir_ws/src/reflict/install/reflict/lib/python3.8/site-packages/reflict
[1.224s] -- Installing: /home/gxh/Desktop/ir_ws/src/reflict/install/reflict/lib/python3.8/site-packages/reflict/__init__.py
[1.264s] Listing '/home/gxh/Desktop/ir_ws/src/reflict/install/reflict/lib/python3.8/site-packages/reflict'...
[1.265s] Compiling '/home/gxh/Desktop/ir_ws/src/reflict/install/reflict/lib/python3.8/site-packages/reflict/__init__.py'...
[1.269s] -- Installing: /home/gxh/Desktop/ir_ws/src/reflict/install/reflict/lib/reflict/scan_node.py
[1.269s] -- Installing: /home/gxh/Desktop/ir_ws/src/reflict/install/reflict/lib/reflict/reflict_estimator.py
[1.269s] -- Installing: /home/gxh/Desktop/ir_ws/src/reflict/install/reflict/share/ament_index/resource_index/package_run_dependencies/reflict
[1.269s] -- Installing: /home/gxh/Desktop/ir_ws/src/reflict/install/reflict/share/ament_index/resource_index/parent_prefix_path/reflict
[1.269s] -- Installing: /home/gxh/Desktop/ir_ws/src/reflict/install/reflict/share/reflict/environment/ament_prefix_path.sh
[1.269s] -- Installing: /home/gxh/Desktop/ir_ws/src/reflict/install/reflict/share/reflict/environment/ament_prefix_path.dsv
[1.269s] -- Installing: /home/gxh/Desktop/ir_ws/src/reflict/install/reflict/share/reflict/environment/path.sh
[1.269s] -- Installing: /home/gxh/Desktop/ir_ws/src/reflict/install/reflict/share/reflict/environment/path.dsv
[1.270s] -- Installing: /home/gxh/Desktop/ir_ws/src/reflict/install/reflict/share/reflict/local_setup.bash
[1.270s] -- Installing: /home/gxh/Desktop/ir_ws/src/reflict/install/reflict/share/reflict/local_setup.sh
[1.270s] -- Installing: /home/gxh/Desktop/ir_ws/src/reflict/install/reflict/share/reflict/local_setup.zsh
[1.270s] -- Installing: /home/gxh/Desktop/ir_ws/src/reflict/install/reflict/share/reflict/local_setup.dsv
[1.270s] -- Installing: /home/gxh/Desktop/ir_ws/src/reflict/install/reflict/share/reflict/package.dsv
[1.270s] -- Installing: /home/gxh/Desktop/ir_ws/src/reflict/install/reflict/share/ament_index/resource_index/packages/reflict
[1.270s] -- Installing: /home/gxh/Desktop/ir_ws/src/reflict/install/reflict/share/reflict/cmake/reflictConfig.cmake
[1.270s] -- Installing: /home/gxh/Desktop/ir_ws/src/reflict/install/reflict/share/reflict/cmake/reflictConfig-version.cmake
[1.270s] -- Installing: /home/gxh/Desktop/ir_ws/src/reflict/install/reflict/share/reflict/package.xml
[1.272s] Invoked command in '/home/gxh/Desktop/ir_ws/src/reflict/build/reflict' returned '0': CMAKE_PREFIX_PATH=/home/gxh/can_ws/install/usbcan:/home/gxh/can_ws/install/dm4310_controller:/home/gxh/can_ws/install/arm_force:/home/gxh/can_ws/install/arm_cooperate:/home/gxh/car_ws/install/map_get:/opt/ros/galactic:/home/gxh/dlo_ws/devel:/home/gxh/ws_livox/devel:/home/gxh/catkin_ws/devel /usr/bin/cmake --install /home/gxh/Desktop/ir_ws/src/reflict/build/reflict
