[0.012s] Invoking command in '/home/gxh/Desktop/ir_ws/src/reflict/build/reflict': CMAKE_PREFIX_PATH=/home/gxh/Desktop/ir_ws/install/nlink_parser_ros2:/home/gxh/Desktop/ir_ws/install/serial:/home/gxh/Desktop/ir_ws/install/reflict:/opt/ros/galactic:/home/gxh/Desktop/ir_ws/install/nlink_parser_ros2_interfaces:/home/gxh/Desktop/ir_ws/install/ir_led_measure:/home/gxh/Desktop/ros2_ws/install/ouster_ros:/home/gxh/Desktop/ros2_ws/install/ouster_srvs:/home/gxh/Desktop/ros2_ws/install/ouster_sensor_msgs:/home/gxh/Desktop/ros2_ws/install/ouster_msgs:/home/gxh/can_ws/install/usbcan:/home/gxh/can_ws/install/dm4310_controller:/home/gxh/can_ws/install/arm_force:/home/gxh/can_ws/install/arm_cooperate:/home/gxh/car_ws/install/map_get:/home/gxh/dlo_ws/devel:/home/gxh/ws_livox/devel:/home/gxh/catkin_ws/devel /usr/bin/cmake --build /home/gxh/Desktop/ir_ws/src/reflict/build/reflict -- -j8 -l8
[0.058s] -- Found ament_cmake: 1.1.6 (/opt/ros/galactic/share/ament_cmake/cmake)
[0.085s] -- Using PYTHON_EXECUTABLE: /usr/bin/python3
[0.152s] -- Found rclpy: 1.9.3 (/opt/ros/galactic/share/rclpy/cmake)
[0.152s] -- Found std_msgs: 2.2.4 (/opt/ros/galactic/share/std_msgs/cmake)
[0.174s] -- Using all available rosidl_typesupport_c: rosidl_typesupport_fastrtps_c;rosidl_typesupport_introspection_c
[0.177s] -- Found rosidl_adapter: 2.2.3 (/opt/ros/galactic/share/rosidl_adapter/cmake)
[0.249s] -- Using all available rosidl_typesupport_cpp: rosidl_typesupport_fastrtps_cpp;rosidl_typesupport_introspection_cpp
[0.285s] -- Found rosidl_default_generators: 1.1.1 (/opt/ros/galactic/share/rosidl_default_generators/cmake)
[0.339s] -- Found ament_lint_auto: 0.10.7 (/opt/ros/galactic/share/ament_lint_auto/cmake)
[0.399s] -- Configuring done
[0.403s] -- Generating done
[0.404s] -- Build files have been written to: /home/gxh/Desktop/ir_ws/src/reflict/build/reflict
[0.455s] Built target ament_cmake_python_copy_reflict
[0.668s] running egg_info
[0.669s] writing reflict.egg-info/PKG-INFO
[0.669s] writing dependency_links to reflict.egg-info/dependency_links.txt
[0.669s] writing top-level names to reflict.egg-info/top_level.txt
[0.700s] reading manifest file 'reflict.egg-info/SOURCES.txt'
[0.701s] writing manifest file 'reflict.egg-info/SOURCES.txt'
[0.722s] Built target ament_cmake_python_build_reflict_egg
[0.730s] Invoked command in '/home/gxh/Desktop/ir_ws/src/reflict/build/reflict' returned '0': CMAKE_PREFIX_PATH=/home/gxh/Desktop/ir_ws/install/nlink_parser_ros2:/home/gxh/Desktop/ir_ws/install/serial:/home/gxh/Desktop/ir_ws/install/reflict:/opt/ros/galactic:/home/gxh/Desktop/ir_ws/install/nlink_parser_ros2_interfaces:/home/gxh/Desktop/ir_ws/install/ir_led_measure:/home/gxh/Desktop/ros2_ws/install/ouster_ros:/home/gxh/Desktop/ros2_ws/install/ouster_srvs:/home/gxh/Desktop/ros2_ws/install/ouster_sensor_msgs:/home/gxh/Desktop/ros2_ws/install/ouster_msgs:/home/gxh/can_ws/install/usbcan:/home/gxh/can_ws/install/dm4310_controller:/home/gxh/can_ws/install/arm_force:/home/gxh/can_ws/install/arm_cooperate:/home/gxh/car_ws/install/map_get:/home/gxh/dlo_ws/devel:/home/gxh/ws_livox/devel:/home/gxh/catkin_ws/devel /usr/bin/cmake --build /home/gxh/Desktop/ir_ws/src/reflict/build/reflict -- -j8 -l8
[0.766s] Invoking command in '/home/gxh/Desktop/ir_ws/src/reflict/build/reflict': CMAKE_PREFIX_PATH=/home/gxh/Desktop/ir_ws/install/nlink_parser_ros2:/home/gxh/Desktop/ir_ws/install/serial:/home/gxh/Desktop/ir_ws/install/reflict:/opt/ros/galactic:/home/gxh/Desktop/ir_ws/install/nlink_parser_ros2_interfaces:/home/gxh/Desktop/ir_ws/install/ir_led_measure:/home/gxh/Desktop/ros2_ws/install/ouster_ros:/home/gxh/Desktop/ros2_ws/install/ouster_srvs:/home/gxh/Desktop/ros2_ws/install/ouster_sensor_msgs:/home/gxh/Desktop/ros2_ws/install/ouster_msgs:/home/gxh/can_ws/install/usbcan:/home/gxh/can_ws/install/dm4310_controller:/home/gxh/can_ws/install/arm_force:/home/gxh/can_ws/install/arm_cooperate:/home/gxh/car_ws/install/map_get:/home/gxh/dlo_ws/devel:/home/gxh/ws_livox/devel:/home/gxh/catkin_ws/devel /usr/bin/cmake --install /home/gxh/Desktop/ir_ws/src/reflict/build/reflict
[0.775s] -- Install configuration: ""
[0.775s] -- Up-to-date: /home/gxh/Desktop/ir_ws/src/reflict/install/reflict/share/reflict/environment/pythonpath.sh
[0.776s] -- Installing: /home/gxh/Desktop/ir_ws/src/reflict/install/reflict/share/reflict/environment/pythonpath.dsv
[0.776s] -- Up-to-date: /home/gxh/Desktop/ir_ws/src/reflict/install/reflict/lib/python3.8/site-packages//reflict.egg-info
[0.776s] -- Installing: /home/gxh/Desktop/ir_ws/src/reflict/install/reflict/lib/python3.8/site-packages//reflict.egg-info/top_level.txt
[0.776s] -- Installing: /home/gxh/Desktop/ir_ws/src/reflict/install/reflict/lib/python3.8/site-packages//reflict.egg-info/dependency_links.txt
[0.776s] -- Installing: /home/gxh/Desktop/ir_ws/src/reflict/install/reflict/lib/python3.8/site-packages//reflict.egg-info/PKG-INFO
[0.776s] -- Installing: /home/gxh/Desktop/ir_ws/src/reflict/install/reflict/lib/python3.8/site-packages//reflict.egg-info/SOURCES.txt
[0.776s] -- Up-to-date: /home/gxh/Desktop/ir_ws/src/reflict/install/reflict/lib/python3.8/site-packages/reflict
[0.776s] -- Up-to-date: /home/gxh/Desktop/ir_ws/src/reflict/install/reflict/lib/python3.8/site-packages/reflict/__init__.py
[0.803s] Listing '/home/gxh/Desktop/ir_ws/src/reflict/install/reflict/lib/python3.8/site-packages/reflict'...
[0.805s] -- Installing: /home/gxh/Desktop/ir_ws/src/reflict/install/reflict/lib/reflict/scan_node.py
[0.805s] -- Installing: /home/gxh/Desktop/ir_ws/src/reflict/install/reflict/lib/reflict/reflict_estimator.py
[0.805s] -- Installing: /home/gxh/Desktop/ir_ws/src/reflict/install/reflict/share/ament_index/resource_index/package_run_dependencies/reflict
[0.805s] -- Installing: /home/gxh/Desktop/ir_ws/src/reflict/install/reflict/share/ament_index/resource_index/parent_prefix_path/reflict
[0.806s] -- Up-to-date: /home/gxh/Desktop/ir_ws/src/reflict/install/reflict/share/reflict/environment/ament_prefix_path.sh
[0.806s] -- Installing: /home/gxh/Desktop/ir_ws/src/reflict/install/reflict/share/reflict/environment/ament_prefix_path.dsv
[0.806s] -- Up-to-date: /home/gxh/Desktop/ir_ws/src/reflict/install/reflict/share/reflict/environment/path.sh
[0.806s] -- Installing: /home/gxh/Desktop/ir_ws/src/reflict/install/reflict/share/reflict/environment/path.dsv
[0.806s] -- Up-to-date: /home/gxh/Desktop/ir_ws/src/reflict/install/reflict/share/reflict/local_setup.bash
[0.806s] -- Up-to-date: /home/gxh/Desktop/ir_ws/src/reflict/install/reflict/share/reflict/local_setup.sh
[0.806s] -- Up-to-date: /home/gxh/Desktop/ir_ws/src/reflict/install/reflict/share/reflict/local_setup.zsh
[0.806s] -- Installing: /home/gxh/Desktop/ir_ws/src/reflict/install/reflict/share/reflict/local_setup.dsv
[0.806s] -- Installing: /home/gxh/Desktop/ir_ws/src/reflict/install/reflict/share/reflict/package.dsv
[0.806s] -- Up-to-date: /home/gxh/Desktop/ir_ws/src/reflict/install/reflict/share/ament_index/resource_index/packages/reflict
[0.806s] -- Up-to-date: /home/gxh/Desktop/ir_ws/src/reflict/install/reflict/share/reflict/cmake/reflictConfig.cmake
[0.806s] -- Up-to-date: /home/gxh/Desktop/ir_ws/src/reflict/install/reflict/share/reflict/cmake/reflictConfig-version.cmake
[0.807s] -- Installing: /home/gxh/Desktop/ir_ws/src/reflict/install/reflict/share/reflict/package.xml
[0.808s] Invoked command in '/home/gxh/Desktop/ir_ws/src/reflict/build/reflict' returned '0': CMAKE_PREFIX_PATH=/home/gxh/Desktop/ir_ws/install/nlink_parser_ros2:/home/gxh/Desktop/ir_ws/install/serial:/home/gxh/Desktop/ir_ws/install/reflict:/opt/ros/galactic:/home/gxh/Desktop/ir_ws/install/nlink_parser_ros2_interfaces:/home/gxh/Desktop/ir_ws/install/ir_led_measure:/home/gxh/Desktop/ros2_ws/install/ouster_ros:/home/gxh/Desktop/ros2_ws/install/ouster_srvs:/home/gxh/Desktop/ros2_ws/install/ouster_sensor_msgs:/home/gxh/Desktop/ros2_ws/install/ouster_msgs:/home/gxh/can_ws/install/usbcan:/home/gxh/can_ws/install/dm4310_controller:/home/gxh/can_ws/install/arm_force:/home/gxh/can_ws/install/arm_cooperate:/home/gxh/car_ws/install/map_get:/home/gxh/dlo_ws/devel:/home/gxh/ws_livox/devel:/home/gxh/catkin_ws/devel /usr/bin/cmake --install /home/gxh/Desktop/ir_ws/src/reflict/build/reflict
