[0.166s] DEBUG:colcon:Command line arguments: ['/usr/bin/colcon', 'build']
[0.166s] DEBUG:colcon:Parsed command line arguments: Namespace(allow_overriding=[], ament_cmake_args=None, base_paths=['.'], build_base='build', catkin_cmake_args=None, catkin_skip_building_tests=False, cmake_args=None, cmake_clean_cache=False, cmake_clean_first=False, cmake_force_configure=False, cmake_target=None, cmake_target_skip_unavailable=False, continue_on_error=False, event_handlers=None, executor='parallel', ignore_user_meta=False, install_base='install', log_base=None, log_level=None, main=<bound method BuildVerb.main of <colcon_core.verb.build.BuildVerb object at 0x7f6fb3b6a280>>, merge_install=False, metas=['./colcon.meta'], packages_above=None, packages_above_and_dependencies=None, packages_above_depth=None, packages_end=None, packages_ignore=None, packages_ignore_regex=None, packages_select=None, packages_select_build_failed=False, packages_select_by_dep=None, packages_select_regex=None, packages_select_test_failures=False, packages_skip=None, packages_skip_build_finished=False, packages_skip_by_dep=None, packages_skip_regex=None, packages_skip_test_passed=False, packages_skip_up_to=None, packages_start=None, packages_up_to=None, packages_up_to_regex=None, parallel_workers=8, paths=None, symlink_install=False, test_result_base=None, verb_extension=<colcon_core.verb.build.BuildVerb object at 0x7f6fb3b6a280>, verb_name='build', verb_parser=<colcon_defaults.argument_parser.defaults.DefaultArgumentsDecorator object at 0x7f6fb3a3b820>)
[0.299s] Level 1:colcon.colcon_core.package_discovery:discover_packages(colcon_meta) check parameters
[0.299s] Level 1:colcon.colcon_core.package_discovery:discover_packages(recursive) check parameters
[0.299s] Level 1:colcon.colcon_core.package_discovery:discover_packages(ignore) check parameters
[0.299s] Level 1:colcon.colcon_core.package_discovery:discover_packages(path) check parameters
[0.299s] Level 1:colcon.colcon_core.package_discovery:discover_packages(colcon_meta) discover
[0.299s] Level 1:colcon.colcon_core.package_discovery:discover_packages(recursive) discover
[0.299s] INFO:colcon.colcon_core.package_discovery:Crawling recursively for packages in '/home/gxh/Desktop/ir_ws/src/reflict'
[0.299s] Level 1:colcon.colcon_core.package_identification:_identify(.) by extensions ['ignore', 'ignore_ament_install']
[0.299s] Level 1:colcon.colcon_core.package_identification:_identify(.) by extension 'ignore'
[0.299s] Level 1:colcon.colcon_core.package_identification:_identify(.) by extension 'ignore_ament_install'
[0.299s] Level 1:colcon.colcon_core.package_identification:_identify(.) by extensions ['colcon_pkg']
[0.299s] Level 1:colcon.colcon_core.package_identification:_identify(.) by extension 'colcon_pkg'
[0.299s] Level 1:colcon.colcon_core.package_identification:_identify(.) by extensions ['colcon_meta']
[0.299s] Level 1:colcon.colcon_core.package_identification:_identify(.) by extension 'colcon_meta'
[0.299s] Level 1:colcon.colcon_core.package_identification:_identify(.) by extensions ['ros']
[0.299s] Level 1:colcon.colcon_core.package_identification:_identify(.) by extension 'ros'
[0.311s] DEBUG:colcon.colcon_core.package_identification:Package '.' with type 'ros.ament_cmake' and name 'reflict'
[0.311s] Level 1:colcon.colcon_core.package_discovery:discover_packages(recursive) using defaults
[0.311s] Level 1:colcon.colcon_core.package_discovery:discover_packages(ignore) discover
[0.311s] Level 1:colcon.colcon_core.package_discovery:discover_packages(ignore) using defaults
[0.311s] Level 1:colcon.colcon_core.package_discovery:discover_packages(path) discover
[0.311s] Level 1:colcon.colcon_core.package_discovery:discover_packages(path) using defaults
[0.323s] Level 1:colcon.colcon_core.package_discovery:discover_packages(prefix_path) check parameters
[0.323s] Level 1:colcon.colcon_core.package_discovery:discover_packages(prefix_path) discover
[0.324s] DEBUG:colcon.colcon_installed_package_information.package_discovery:Found 4 installed packages in /home/gxh/can_ws/install
[0.325s] DEBUG:colcon.colcon_installed_package_information.package_discovery:Found 1 installed packages in /home/gxh/car_ws/install
[0.326s] DEBUG:colcon.colcon_installed_package_information.package_discovery:Found 388 installed packages in /opt/ros/galactic
[0.335s] Level 1:colcon.colcon_core.package_discovery:discover_packages(prefix_path) using defaults
[0.389s] Level 5:colcon.colcon_core.verb:set package 'reflict' build argument 'cmake_args' from command line to 'None'
[0.389s] Level 5:colcon.colcon_core.verb:set package 'reflict' build argument 'cmake_target' from command line to 'None'
[0.389s] Level 5:colcon.colcon_core.verb:set package 'reflict' build argument 'cmake_target_skip_unavailable' from command line to 'False'
[0.389s] Level 5:colcon.colcon_core.verb:set package 'reflict' build argument 'cmake_clean_cache' from command line to 'False'
[0.389s] Level 5:colcon.colcon_core.verb:set package 'reflict' build argument 'cmake_clean_first' from command line to 'False'
[0.389s] Level 5:colcon.colcon_core.verb:set package 'reflict' build argument 'cmake_force_configure' from command line to 'False'
[0.389s] Level 5:colcon.colcon_core.verb:set package 'reflict' build argument 'ament_cmake_args' from command line to 'None'
[0.389s] Level 5:colcon.colcon_core.verb:set package 'reflict' build argument 'catkin_cmake_args' from command line to 'None'
[0.389s] Level 5:colcon.colcon_core.verb:set package 'reflict' build argument 'catkin_skip_building_tests' from command line to 'False'
[0.389s] DEBUG:colcon.colcon_core.verb:Building package 'reflict' with the following arguments: {'ament_cmake_args': None, 'build_base': '/home/gxh/Desktop/ir_ws/src/reflict/build/reflict', 'catkin_cmake_args': None, 'catkin_skip_building_tests': False, 'cmake_args': None, 'cmake_clean_cache': False, 'cmake_clean_first': False, 'cmake_force_configure': False, 'cmake_target': None, 'cmake_target_skip_unavailable': False, 'install_base': '/home/gxh/Desktop/ir_ws/src/reflict/install/reflict', 'merge_install': False, 'path': '/home/gxh/Desktop/ir_ws/src/reflict', 'symlink_install': False, 'test_result_base': None}
[0.389s] INFO:colcon.colcon_core.executor:Executing jobs using 'parallel' executor
[0.389s] DEBUG:colcon.colcon_parallel_executor.executor.parallel:run_until_complete
[0.390s] INFO:colcon.colcon_ros.task.ament_cmake.build:Building ROS package in '/home/gxh/Desktop/ir_ws/src/reflict' with build type 'ament_cmake'
[0.390s] INFO:colcon.colcon_cmake.task.cmake.build:Building CMake package in '/home/gxh/Desktop/ir_ws/src/reflict'
[0.391s] INFO:colcon.colcon_core.plugin_system:Skipping extension 'colcon_core.shell.bat': Not used on non-Windows systems
[0.391s] INFO:colcon.colcon_core.shell:Skip shell extension 'powershell' for command environment: Not usable outside of PowerShell
[0.391s] DEBUG:colcon.colcon_core.shell:Skip shell extension 'dsv' for command environment
[0.393s] DEBUG:colcon.colcon_core.shell:Ignoring prefix path '/home/gxh/dlo_ws/devel'
[0.393s] DEBUG:colcon.colcon_core.shell:Ignoring prefix path '/home/gxh/ws_livox/devel'
[0.393s] DEBUG:colcon.colcon_core.shell:Ignoring prefix path '/home/gxh/catkin_ws/devel'
[0.400s] DEBUG:colcon.colcon_core.event_handler.log_command:Invoking command in '/home/gxh/Desktop/ir_ws/src/reflict/build/reflict': CMAKE_PREFIX_PATH=/home/gxh/can_ws/install/usbcan:/home/gxh/can_ws/install/dm4310_controller:/home/gxh/can_ws/install/arm_force:/home/gxh/can_ws/install/arm_cooperate:/home/gxh/car_ws/install/map_get:/opt/ros/galactic:/home/gxh/dlo_ws/devel:/home/gxh/ws_livox/devel:/home/gxh/catkin_ws/devel /usr/bin/cmake /home/gxh/Desktop/ir_ws/src/reflict -DCMAKE_INSTALL_PREFIX=/home/gxh/Desktop/ir_ws/src/reflict/install/reflict
[1.251s] DEBUG:colcon.colcon_core.event_handler.log_command:Invoked command in '/home/gxh/Desktop/ir_ws/src/reflict/build/reflict' returned '0': CMAKE_PREFIX_PATH=/home/gxh/can_ws/install/usbcan:/home/gxh/can_ws/install/dm4310_controller:/home/gxh/can_ws/install/arm_force:/home/gxh/can_ws/install/arm_cooperate:/home/gxh/car_ws/install/map_get:/opt/ros/galactic:/home/gxh/dlo_ws/devel:/home/gxh/ws_livox/devel:/home/gxh/catkin_ws/devel /usr/bin/cmake /home/gxh/Desktop/ir_ws/src/reflict -DCMAKE_INSTALL_PREFIX=/home/gxh/Desktop/ir_ws/src/reflict/install/reflict
[1.255s] DEBUG:colcon.colcon_core.event_handler.log_command:Invoking command in '/home/gxh/Desktop/ir_ws/src/reflict/build/reflict': CMAKE_PREFIX_PATH=/home/gxh/can_ws/install/usbcan:/home/gxh/can_ws/install/dm4310_controller:/home/gxh/can_ws/install/arm_force:/home/gxh/can_ws/install/arm_cooperate:/home/gxh/car_ws/install/map_get:/opt/ros/galactic:/home/gxh/dlo_ws/devel:/home/gxh/ws_livox/devel:/home/gxh/catkin_ws/devel /usr/bin/cmake --build /home/gxh/Desktop/ir_ws/src/reflict/build/reflict -- -j8 -l8
[1.576s] DEBUG:colcon.colcon_core.event_handler.log_command:Invoked command in '/home/gxh/Desktop/ir_ws/src/reflict/build/reflict' returned '0': CMAKE_PREFIX_PATH=/home/gxh/can_ws/install/usbcan:/home/gxh/can_ws/install/dm4310_controller:/home/gxh/can_ws/install/arm_force:/home/gxh/can_ws/install/arm_cooperate:/home/gxh/car_ws/install/map_get:/opt/ros/galactic:/home/gxh/dlo_ws/devel:/home/gxh/ws_livox/devel:/home/gxh/catkin_ws/devel /usr/bin/cmake --build /home/gxh/Desktop/ir_ws/src/reflict/build/reflict -- -j8 -l8
[1.606s] DEBUG:colcon.colcon_core.event_handler.log_command:Invoking command in '/home/gxh/Desktop/ir_ws/src/reflict/build/reflict': CMAKE_PREFIX_PATH=/home/gxh/can_ws/install/usbcan:/home/gxh/can_ws/install/dm4310_controller:/home/gxh/can_ws/install/arm_force:/home/gxh/can_ws/install/arm_cooperate:/home/gxh/car_ws/install/map_get:/opt/ros/galactic:/home/gxh/dlo_ws/devel:/home/gxh/ws_livox/devel:/home/gxh/catkin_ws/devel /usr/bin/cmake --install /home/gxh/Desktop/ir_ws/src/reflict/build/reflict
[1.662s] Level 1:colcon.colcon_core.environment:create_environment_scripts_only(reflict)
[1.662s] DEBUG:colcon.colcon_core.event_handler.log_command:Invoked command in '/home/gxh/Desktop/ir_ws/src/reflict/build/reflict' returned '0': CMAKE_PREFIX_PATH=/home/gxh/can_ws/install/usbcan:/home/gxh/can_ws/install/dm4310_controller:/home/gxh/can_ws/install/arm_force:/home/gxh/can_ws/install/arm_cooperate:/home/gxh/car_ws/install/map_get:/opt/ros/galactic:/home/gxh/dlo_ws/devel:/home/gxh/ws_livox/devel:/home/gxh/catkin_ws/devel /usr/bin/cmake --install /home/gxh/Desktop/ir_ws/src/reflict/build/reflict
[1.664s] Level 1:colcon.colcon_core.environment:checking '/home/gxh/Desktop/ir_ws/src/reflict/install/reflict' for CMake module files
[1.664s] Level 1:colcon.colcon_core.environment:checking '/home/gxh/Desktop/ir_ws/src/reflict/install/reflict' for CMake config files
[1.665s] Level 1:colcon.colcon_core.shell:create_environment_hook('reflict', 'cmake_prefix_path')
[1.665s] INFO:colcon.colcon_core.shell:Creating environment hook '/home/gxh/Desktop/ir_ws/src/reflict/install/reflict/share/reflict/hook/cmake_prefix_path.ps1'
[1.665s] INFO:colcon.colcon_core.shell:Creating environment descriptor '/home/gxh/Desktop/ir_ws/src/reflict/install/reflict/share/reflict/hook/cmake_prefix_path.dsv'
[1.666s] INFO:colcon.colcon_core.shell:Creating environment hook '/home/gxh/Desktop/ir_ws/src/reflict/install/reflict/share/reflict/hook/cmake_prefix_path.sh'
[1.666s] Level 1:colcon.colcon_core.environment:checking '/home/gxh/Desktop/ir_ws/src/reflict/install/reflict/lib'
[1.666s] Level 1:colcon.colcon_core.environment:checking '/home/gxh/Desktop/ir_ws/src/reflict/install/reflict/bin'
[1.666s] Level 1:colcon.colcon_core.environment:checking '/home/gxh/Desktop/ir_ws/src/reflict/install/reflict/lib/pkgconfig/reflict.pc'
[1.667s] Level 1:colcon.colcon_core.environment:checking '/home/gxh/Desktop/ir_ws/src/reflict/install/reflict/lib/python3.8/site-packages'
[1.667s] Level 1:colcon.colcon_core.shell:create_environment_hook('reflict', 'pythonpath')
[1.667s] INFO:colcon.colcon_core.shell:Creating environment hook '/home/gxh/Desktop/ir_ws/src/reflict/install/reflict/share/reflict/hook/pythonpath.ps1'
[1.667s] INFO:colcon.colcon_core.shell:Creating environment descriptor '/home/gxh/Desktop/ir_ws/src/reflict/install/reflict/share/reflict/hook/pythonpath.dsv'
[1.667s] INFO:colcon.colcon_core.shell:Creating environment hook '/home/gxh/Desktop/ir_ws/src/reflict/install/reflict/share/reflict/hook/pythonpath.sh'
[1.667s] Level 1:colcon.colcon_core.environment:checking '/home/gxh/Desktop/ir_ws/src/reflict/install/reflict/bin'
[1.668s] INFO:colcon.colcon_core.shell:Creating package script '/home/gxh/Desktop/ir_ws/src/reflict/install/reflict/share/reflict/package.ps1'
[1.668s] INFO:colcon.colcon_core.shell:Creating package descriptor '/home/gxh/Desktop/ir_ws/src/reflict/install/reflict/share/reflict/package.dsv'
[1.669s] INFO:colcon.colcon_core.shell:Creating package script '/home/gxh/Desktop/ir_ws/src/reflict/install/reflict/share/reflict/package.sh'
[1.670s] INFO:colcon.colcon_core.shell:Creating package script '/home/gxh/Desktop/ir_ws/src/reflict/install/reflict/share/reflict/package.bash'
[1.671s] INFO:colcon.colcon_core.shell:Creating package script '/home/gxh/Desktop/ir_ws/src/reflict/install/reflict/share/reflict/package.zsh'
[1.671s] Level 1:colcon.colcon_core.environment:create_file_with_runtime_dependencies(/home/gxh/Desktop/ir_ws/src/reflict/install/reflict/share/colcon-core/packages/reflict)
[1.695s] Level 1:colcon.colcon_core.environment:create_environment_scripts_only(reflict)
[1.696s] Level 1:colcon.colcon_core.environment:checking '/home/gxh/Desktop/ir_ws/src/reflict/install/reflict' for CMake module files
[1.696s] Level 1:colcon.colcon_core.environment:checking '/home/gxh/Desktop/ir_ws/src/reflict/install/reflict' for CMake config files
[1.696s] Level 1:colcon.colcon_core.shell:create_environment_hook('reflict', 'cmake_prefix_path')
[1.697s] INFO:colcon.colcon_core.shell:Creating environment hook '/home/gxh/Desktop/ir_ws/src/reflict/install/reflict/share/reflict/hook/cmake_prefix_path.ps1'
[1.697s] INFO:colcon.colcon_core.shell:Creating environment descriptor '/home/gxh/Desktop/ir_ws/src/reflict/install/reflict/share/reflict/hook/cmake_prefix_path.dsv'
[1.698s] INFO:colcon.colcon_core.shell:Creating environment hook '/home/gxh/Desktop/ir_ws/src/reflict/install/reflict/share/reflict/hook/cmake_prefix_path.sh'
[1.698s] Level 1:colcon.colcon_core.environment:checking '/home/gxh/Desktop/ir_ws/src/reflict/install/reflict/lib'
[1.698s] Level 1:colcon.colcon_core.environment:checking '/home/gxh/Desktop/ir_ws/src/reflict/install/reflict/bin'
[1.698s] Level 1:colcon.colcon_core.environment:checking '/home/gxh/Desktop/ir_ws/src/reflict/install/reflict/lib/pkgconfig/reflict.pc'
[1.699s] Level 1:colcon.colcon_core.environment:checking '/home/gxh/Desktop/ir_ws/src/reflict/install/reflict/lib/python3.8/site-packages'
[1.699s] Level 1:colcon.colcon_core.shell:create_environment_hook('reflict', 'pythonpath')
[1.699s] INFO:colcon.colcon_core.shell:Creating environment hook '/home/gxh/Desktop/ir_ws/src/reflict/install/reflict/share/reflict/hook/pythonpath.ps1'
[1.699s] INFO:colcon.colcon_core.shell:Creating environment descriptor '/home/gxh/Desktop/ir_ws/src/reflict/install/reflict/share/reflict/hook/pythonpath.dsv'
[1.700s] INFO:colcon.colcon_core.shell:Creating environment hook '/home/gxh/Desktop/ir_ws/src/reflict/install/reflict/share/reflict/hook/pythonpath.sh'
[1.700s] Level 1:colcon.colcon_core.environment:checking '/home/gxh/Desktop/ir_ws/src/reflict/install/reflict/bin'
[1.700s] INFO:colcon.colcon_core.shell:Creating package script '/home/gxh/Desktop/ir_ws/src/reflict/install/reflict/share/reflict/package.ps1'
[1.701s] INFO:colcon.colcon_core.shell:Creating package descriptor '/home/gxh/Desktop/ir_ws/src/reflict/install/reflict/share/reflict/package.dsv'
[1.701s] INFO:colcon.colcon_core.shell:Creating package script '/home/gxh/Desktop/ir_ws/src/reflict/install/reflict/share/reflict/package.sh'
[1.702s] INFO:colcon.colcon_core.shell:Creating package script '/home/gxh/Desktop/ir_ws/src/reflict/install/reflict/share/reflict/package.bash'
[1.702s] INFO:colcon.colcon_core.shell:Creating package script '/home/gxh/Desktop/ir_ws/src/reflict/install/reflict/share/reflict/package.zsh'
[1.702s] Level 1:colcon.colcon_core.environment:create_file_with_runtime_dependencies(/home/gxh/Desktop/ir_ws/src/reflict/install/reflict/share/colcon-core/packages/reflict)
[1.703s] DEBUG:colcon.colcon_parallel_executor.executor.parallel:closing loop
[1.703s] DEBUG:colcon.colcon_parallel_executor.executor.parallel:loop closed
[1.703s] DEBUG:colcon.colcon_parallel_executor.executor.parallel:run_until_complete finished with '0'
[1.703s] DEBUG:colcon.colcon_core.event_reactor:joining thread
[1.708s] INFO:colcon.colcon_core.plugin_system:Skipping extension 'colcon_notification.desktop_notification.terminal_notifier': Not used on non-Darwin systems
[1.708s] INFO:colcon.colcon_core.plugin_system:Skipping extension 'colcon_notification.desktop_notification.win32': Not used on non-Windows systems
[1.708s] INFO:colcon.colcon_notification.desktop_notification:Sending desktop notification using 'notify2'
[1.722s] DEBUG:colcon.colcon_core.event_reactor:joined thread
[1.722s] INFO:colcon.colcon_core.shell:Creating prefix script '/home/gxh/Desktop/ir_ws/src/reflict/install/local_setup.ps1'
[1.723s] INFO:colcon.colcon_core.shell:Creating prefix util module '/home/gxh/Desktop/ir_ws/src/reflict/install/_local_setup_util_ps1.py'
[1.724s] INFO:colcon.colcon_core.shell:Creating prefix chain script '/home/gxh/Desktop/ir_ws/src/reflict/install/setup.ps1'
[1.725s] INFO:colcon.colcon_core.shell:Creating prefix script '/home/gxh/Desktop/ir_ws/src/reflict/install/local_setup.sh'
[1.726s] INFO:colcon.colcon_core.shell:Creating prefix util module '/home/gxh/Desktop/ir_ws/src/reflict/install/_local_setup_util_sh.py'
[1.726s] INFO:colcon.colcon_core.shell:Creating prefix chain script '/home/gxh/Desktop/ir_ws/src/reflict/install/setup.sh'
[1.727s] INFO:colcon.colcon_core.shell:Creating prefix script '/home/gxh/Desktop/ir_ws/src/reflict/install/local_setup.bash'
[1.727s] INFO:colcon.colcon_core.shell:Creating prefix chain script '/home/gxh/Desktop/ir_ws/src/reflict/install/setup.bash'
[1.728s] INFO:colcon.colcon_core.shell:Creating prefix script '/home/gxh/Desktop/ir_ws/src/reflict/install/local_setup.zsh'
[1.728s] INFO:colcon.colcon_core.shell:Creating prefix chain script '/home/gxh/Desktop/ir_ws/src/reflict/install/setup.zsh'
